2020-12-26 22:16:40,828 - D:/PyCharm 2019.3.2/risk/run.py[line:137] - INFO: ====================================================================================================
2020-12-26 22:16:42,879 - D:/PyCharm 2019.3.2/risk/run.py[line:169] - INFO: Training:	  accuracy：0.077629 | Loss: 0.006178
2020-12-26 22:16:42,879 - D:/PyCharm 2019.3.2/risk/run.py[line:170] - INFO: Evaluating:	 accuracy：0.032827 | Loss: 0.000734
2020-12-26 22:16:42,880 - D:/PyCharm 2019.3.2/risk/run.py[line:171] - INFO: 
2020-12-26 22:16:42,880 - D:/PyCharm 2019.3.2/risk/run.py[line:137] - INFO: ====================================================================================================
2020-12-26 22:16:44,378 - D:/PyCharm 2019.3.2/risk/run.py[line:169] - INFO: Training:	  accuracy：0.035578 | Loss: 0.000864
2020-12-26 22:16:44,380 - D:/PyCharm 2019.3.2/risk/run.py[line:170] - INFO: Evaluating:	 accuracy：0.021321 | Loss: 0.000332
2020-12-26 22:16:44,380 - D:/PyCharm 2019.3.2/risk/run.py[line:171] - INFO: 
2020-12-26 22:16:44,381 - D:/PyCharm 2019.3.2/risk/run.py[line:137] - INFO: ====================================================================================================
2020-12-26 22:16:46,073 - D:/PyCharm 2019.3.2/risk/run.py[line:169] - INFO: Training:	  accuracy：0.033089 | Loss: 0.000705
2020-12-26 22:16:46,073 - D:/PyCharm 2019.3.2/risk/run.py[line:170] - INFO: Evaluating:	 accuracy：0.022605 | Loss: 0.000403
2020-12-26 22:16:46,073 - D:/PyCharm 2019.3.2/risk/run.py[line:171] - INFO: 
2020-12-26 22:16:46,073 - D:/PyCharm 2019.3.2/risk/run.py[line:137] - INFO: ====================================================================================================
2020-12-26 22:16:47,804 - D:/PyCharm 2019.3.2/risk/run.py[line:169] - INFO: Training:	  accuracy：0.031662 | Loss: 0.000658
2020-12-26 22:16:47,804 - D:/PyCharm 2019.3.2/risk/run.py[line:170] - INFO: Evaluating:	 accuracy：0.030019 | Loss: 0.000480
2020-12-26 22:16:47,805 - D:/PyCharm 2019.3.2/risk/run.py[line:171] - INFO: 
2020-12-26 22:16:47,805 - D:/PyCharm 2019.3.2/risk/run.py[line:137] - INFO: ====================================================================================================
2020-12-26 22:16:49,515 - D:/PyCharm 2019.3.2/risk/run.py[line:169] - INFO: Training:	  accuracy：0.030530 | Loss: 0.000638
2020-12-26 22:16:49,516 - D:/PyCharm 2019.3.2/risk/run.py[line:170] - INFO: Evaluating:	 accuracy：0.031510 | Loss: 0.000685
2020-12-26 22:16:49,516 - D:/PyCharm 2019.3.2/risk/run.py[line:171] - INFO: 
2020-12-26 22:16:49,516 - D:/PyCharm 2019.3.2/risk/run.py[line:137] - INFO: ====================================================================================================
2020-12-26 22:16:51,322 - D:/PyCharm 2019.3.2/risk/run.py[line:169] - INFO: Training:	  accuracy：0.028834 | Loss: 0.000578
2020-12-26 22:16:51,322 - D:/PyCharm 2019.3.2/risk/run.py[line:170] - INFO: Evaluating:	 accuracy：0.018966 | Loss: 0.000280
2020-12-26 22:16:51,322 - D:/PyCharm 2019.3.2/risk/run.py[line:171] - INFO: 
2020-12-26 22:16:51,322 - D:/PyCharm 2019.3.2/risk/run.py[line:137] - INFO: ====================================================================================================
2020-12-26 22:16:53,257 - D:/PyCharm 2019.3.2/risk/run.py[line:169] - INFO: Training:	  accuracy：0.028862 | Loss: 0.000575
2020-12-26 22:16:53,258 - D:/PyCharm 2019.3.2/risk/run.py[line:170] - INFO: Evaluating:	 accuracy：0.021831 | Loss: 0.000385
2020-12-26 22:16:53,258 - D:/PyCharm 2019.3.2/risk/run.py[line:171] - INFO: 
2020-12-26 22:16:53,258 - D:/PyCharm 2019.3.2/risk/run.py[line:137] - INFO: ====================================================================================================
2020-12-26 22:16:55,115 - D:/PyCharm 2019.3.2/risk/run.py[line:169] - INFO: Training:	  accuracy：0.029339 | Loss: 0.000582
2020-12-26 22:16:55,115 - D:/PyCharm 2019.3.2/risk/run.py[line:170] - INFO: Evaluating:	 accuracy：0.017059 | Loss: 0.000276
2020-12-26 22:16:55,116 - D:/PyCharm 2019.3.2/risk/run.py[line:171] - INFO: 
2020-12-26 22:16:55,126 - D:/PyCharm 2019.3.2/risk/run.py[line:203] - INFO: seq_len= 30|  batch_size= 10 | test_size=20 |lr=0.00100 after info: Loss(RMSE): 45.053  Accuracy: 0.013346
2020-12-26 22:17:31,016 - D:/PyCharm 2019.3.2/risk/run.py[line:137] - INFO: ====================================================================================================
2020-12-26 22:19:04,514 - D:/PyCharm 2019.3.2/risk/run.py[line:137] - INFO: ====================================================================================================
2020-12-26 22:19:06,704 - D:/PyCharm 2019.3.2/risk/run.py[line:169] - INFO: Training:	  accuracy：0.070942 | Loss: 0.005301
2020-12-26 22:19:06,704 - D:/PyCharm 2019.3.2/risk/run.py[line:170] - INFO: Evaluating:	 accuracy：0.047455 | Loss: 0.001283
2020-12-26 22:19:06,704 - D:/PyCharm 2019.3.2/risk/run.py[line:171] - INFO: 
2020-12-26 22:19:06,704 - D:/PyCharm 2019.3.2/risk/run.py[line:137] - INFO: ====================================================================================================
2020-12-26 22:19:08,386 - D:/PyCharm 2019.3.2/risk/run.py[line:169] - INFO: Training:	  accuracy：0.042863 | Loss: 0.001195
2020-12-26 22:19:08,386 - D:/PyCharm 2019.3.2/risk/run.py[line:170] - INFO: Evaluating:	 accuracy：0.024831 | Loss: 0.000511
2020-12-26 22:19:08,386 - D:/PyCharm 2019.3.2/risk/run.py[line:171] - INFO: 
2020-12-26 22:19:08,386 - D:/PyCharm 2019.3.2/risk/run.py[line:137] - INFO: ====================================================================================================
2020-12-26 22:19:10,069 - D:/PyCharm 2019.3.2/risk/run.py[line:169] - INFO: Training:	  accuracy：0.037275 | Loss: 0.000924
2020-12-26 22:19:10,070 - D:/PyCharm 2019.3.2/risk/run.py[line:170] - INFO: Evaluating:	 accuracy：0.047798 | Loss: 0.001057
2020-12-26 22:19:10,070 - D:/PyCharm 2019.3.2/risk/run.py[line:171] - INFO: 
2020-12-26 22:19:10,070 - D:/PyCharm 2019.3.2/risk/run.py[line:137] - INFO: ====================================================================================================
2020-12-26 22:19:11,726 - D:/PyCharm 2019.3.2/risk/run.py[line:169] - INFO: Training:	  accuracy：0.035641 | Loss: 0.000874
2020-12-26 22:19:11,726 - D:/PyCharm 2019.3.2/risk/run.py[line:170] - INFO: Evaluating:	 accuracy：0.019753 | Loss: 0.000336
2020-12-26 22:19:11,726 - D:/PyCharm 2019.3.2/risk/run.py[line:171] - INFO: 
2020-12-26 22:19:11,726 - D:/PyCharm 2019.3.2/risk/run.py[line:137] - INFO: ====================================================================================================
2020-12-26 22:19:13,424 - D:/PyCharm 2019.3.2/risk/run.py[line:169] - INFO: Training:	  accuracy：0.034446 | Loss: 0.000782
2020-12-26 22:19:13,424 - D:/PyCharm 2019.3.2/risk/run.py[line:170] - INFO: Evaluating:	 accuracy：0.019970 | Loss: 0.000343
2020-12-26 22:19:13,424 - D:/PyCharm 2019.3.2/risk/run.py[line:171] - INFO: 
2020-12-26 22:19:13,424 - D:/PyCharm 2019.3.2/risk/run.py[line:137] - INFO: ====================================================================================================
2020-12-26 22:19:15,116 - D:/PyCharm 2019.3.2/risk/run.py[line:169] - INFO: Training:	  accuracy：0.032734 | Loss: 0.000752
2020-12-26 22:19:15,116 - D:/PyCharm 2019.3.2/risk/run.py[line:170] - INFO: Evaluating:	 accuracy：0.018660 | Loss: 0.000293
2020-12-26 22:19:15,116 - D:/PyCharm 2019.3.2/risk/run.py[line:171] - INFO: 
2020-12-26 22:19:15,116 - D:/PyCharm 2019.3.2/risk/run.py[line:137] - INFO: ====================================================================================================
2020-12-26 22:19:16,814 - D:/PyCharm 2019.3.2/risk/run.py[line:169] - INFO: Training:	  accuracy：0.031848 | Loss: 0.000728
2020-12-26 22:19:16,814 - D:/PyCharm 2019.3.2/risk/run.py[line:170] - INFO: Evaluating:	 accuracy：0.017868 | Loss: 0.000279
2020-12-26 22:19:16,814 - D:/PyCharm 2019.3.2/risk/run.py[line:171] - INFO: 
2020-12-26 22:19:16,814 - D:/PyCharm 2019.3.2/risk/run.py[line:137] - INFO: ====================================================================================================
2020-12-26 22:19:18,500 - D:/PyCharm 2019.3.2/risk/run.py[line:169] - INFO: Training:	  accuracy：0.029998 | Loss: 0.000665
2020-12-26 22:19:18,500 - D:/PyCharm 2019.3.2/risk/run.py[line:170] - INFO: Evaluating:	 accuracy：0.017112 | Loss: 0.000272
2020-12-26 22:19:18,501 - D:/PyCharm 2019.3.2/risk/run.py[line:171] - INFO: 
2020-12-26 22:19:18,512 - D:/PyCharm 2019.3.2/risk/run.py[line:203] - INFO: seq_len= 30|  batch_size= 10 | test_size=20 |lr=0.00100 after info: Loss(RMSE): 61.294  Accuracy: 0.017536
