2020-12-25 23:02:13,025 - D:/PyCharm 2019.3.2/risk/run.py[line:118] - INFO: ====================================================================================================
2020-12-25 23:02:15,752 - D:/PyCharm 2019.3.2/risk/run.py[line:149] - INFO: Training:	  Loss: 0.012660
2020-12-25 23:02:15,752 - D:/PyCharm 2019.3.2/risk/run.py[line:150] - INFO: Evaluating:	 Loss: 0.000633
2020-12-25 23:02:15,752 - D:/PyCharm 2019.3.2/risk/run.py[line:151] - INFO: 
2020-12-25 23:02:15,752 - D:/PyCharm 2019.3.2/risk/run.py[line:118] - INFO: ====================================================================================================
2020-12-25 23:02:18,235 - D:/PyCharm 2019.3.2/risk/run.py[line:149] - INFO: Training:	  Loss: 0.000704
2020-12-25 23:02:18,248 - D:/PyCharm 2019.3.2/risk/run.py[line:150] - INFO: Evaluating:	 Loss: 0.000230
2020-12-25 23:02:18,248 - D:/PyCharm 2019.3.2/risk/run.py[line:151] - INFO: 
2020-12-25 23:02:18,248 - D:/PyCharm 2019.3.2/risk/run.py[line:118] - INFO: ====================================================================================================
2020-12-25 23:02:20,835 - D:/PyCharm 2019.3.2/risk/run.py[line:149] - INFO: Training:	  Loss: 0.000757
2020-12-25 23:02:20,835 - D:/PyCharm 2019.3.2/risk/run.py[line:150] - INFO: Evaluating:	 Loss: 0.000221
2020-12-25 23:02:20,835 - D:/PyCharm 2019.3.2/risk/run.py[line:151] - INFO: 
2020-12-25 23:02:20,835 - D:/PyCharm 2019.3.2/risk/run.py[line:118] - INFO: ====================================================================================================
2020-12-25 23:02:23,245 - D:/PyCharm 2019.3.2/risk/run.py[line:149] - INFO: Training:	  Loss: 0.000738
2020-12-25 23:02:23,245 - D:/PyCharm 2019.3.2/risk/run.py[line:150] - INFO: Evaluating:	 Loss: 0.000254
2020-12-25 23:02:23,246 - D:/PyCharm 2019.3.2/risk/run.py[line:151] - INFO: 
2020-12-25 23:02:23,246 - D:/PyCharm 2019.3.2/risk/run.py[line:118] - INFO: ====================================================================================================
2020-12-25 23:02:25,706 - D:/PyCharm 2019.3.2/risk/run.py[line:149] - INFO: Training:	  Loss: 0.000557
2020-12-25 23:02:25,706 - D:/PyCharm 2019.3.2/risk/run.py[line:150] - INFO: Evaluating:	 Loss: 0.000247
2020-12-25 23:02:25,706 - D:/PyCharm 2019.3.2/risk/run.py[line:151] - INFO: 
2020-12-25 23:02:25,706 - D:/PyCharm 2019.3.2/risk/run.py[line:118] - INFO: ====================================================================================================
2020-12-25 23:02:28,173 - D:/PyCharm 2019.3.2/risk/run.py[line:149] - INFO: Training:	  Loss: 0.000562
2020-12-25 23:02:28,173 - D:/PyCharm 2019.3.2/risk/run.py[line:150] - INFO: Evaluating:	 Loss: 0.000211
2020-12-25 23:02:28,173 - D:/PyCharm 2019.3.2/risk/run.py[line:151] - INFO: 
2020-12-25 23:02:28,173 - D:/PyCharm 2019.3.2/risk/run.py[line:118] - INFO: ====================================================================================================
2020-12-25 23:02:30,655 - D:/PyCharm 2019.3.2/risk/run.py[line:149] - INFO: Training:	  Loss: 0.000528
2020-12-25 23:02:30,655 - D:/PyCharm 2019.3.2/risk/run.py[line:150] - INFO: Evaluating:	 Loss: 0.000225
2020-12-25 23:02:30,655 - D:/PyCharm 2019.3.2/risk/run.py[line:151] - INFO: 
2020-12-25 23:02:30,656 - D:/PyCharm 2019.3.2/risk/run.py[line:118] - INFO: ====================================================================================================
2020-12-25 23:02:33,128 - D:/PyCharm 2019.3.2/risk/run.py[line:149] - INFO: Training:	  Loss: 0.000595
2020-12-25 23:02:33,128 - D:/PyCharm 2019.3.2/risk/run.py[line:150] - INFO: Evaluating:	 Loss: 0.000262
2020-12-25 23:02:33,128 - D:/PyCharm 2019.3.2/risk/run.py[line:151] - INFO: 
2020-12-25 23:02:33,128 - D:/PyCharm 2019.3.2/risk/run.py[line:118] - INFO: ====================================================================================================
2020-12-25 23:02:35,603 - D:/PyCharm 2019.3.2/risk/run.py[line:149] - INFO: Training:	  Loss: 0.000718
2020-12-25 23:02:35,603 - D:/PyCharm 2019.3.2/risk/run.py[line:150] - INFO: Evaluating:	 Loss: 0.000762
2020-12-25 23:02:35,604 - D:/PyCharm 2019.3.2/risk/run.py[line:151] - INFO: 
2020-12-25 23:02:35,604 - D:/PyCharm 2019.3.2/risk/run.py[line:118] - INFO: ====================================================================================================
2020-12-25 23:02:38,100 - D:/PyCharm 2019.3.2/risk/run.py[line:149] - INFO: Training:	  Loss: 0.000628
2020-12-25 23:02:38,100 - D:/PyCharm 2019.3.2/risk/run.py[line:150] - INFO: Evaluating:	 Loss: 0.000248
2020-12-25 23:02:38,101 - D:/PyCharm 2019.3.2/risk/run.py[line:151] - INFO: 
2020-12-25 23:02:38,200 - D:/PyCharm 2019.3.2/risk/run.py[line:180] - INFO: seq_len= 60|  batch_size= 32 | test_size=200 after info: Loss(RMSE): 70.611
2020-12-25 23:03:50,555 - D:/PyCharm 2019.3.2/risk/run.py[line:118] - INFO: ====================================================================================================
2020-12-25 23:03:53,452 - D:/PyCharm 2019.3.2/risk/run.py[line:149] - INFO: Training:	  Loss: 0.012175
2020-12-25 23:03:53,452 - D:/PyCharm 2019.3.2/risk/run.py[line:150] - INFO: Evaluating:	 Loss: 0.000274
2020-12-25 23:03:53,452 - D:/PyCharm 2019.3.2/risk/run.py[line:151] - INFO: 
2020-12-25 23:03:53,453 - D:/PyCharm 2019.3.2/risk/run.py[line:118] - INFO: ====================================================================================================
2020-12-25 23:03:56,079 - D:/PyCharm 2019.3.2/risk/run.py[line:149] - INFO: Training:	  Loss: 0.000715
2020-12-25 23:03:56,079 - D:/PyCharm 2019.3.2/risk/run.py[line:150] - INFO: Evaluating:	 Loss: 0.000208
2020-12-25 23:03:56,080 - D:/PyCharm 2019.3.2/risk/run.py[line:151] - INFO: 
2020-12-25 23:03:56,080 - D:/PyCharm 2019.3.2/risk/run.py[line:118] - INFO: ====================================================================================================
2020-12-25 23:03:58,543 - D:/PyCharm 2019.3.2/risk/run.py[line:149] - INFO: Training:	  Loss: 0.000720
2020-12-25 23:03:58,543 - D:/PyCharm 2019.3.2/risk/run.py[line:150] - INFO: Evaluating:	 Loss: 0.000251
2020-12-25 23:03:58,543 - D:/PyCharm 2019.3.2/risk/run.py[line:151] - INFO: 
2020-12-25 23:03:58,544 - D:/PyCharm 2019.3.2/risk/run.py[line:118] - INFO: ====================================================================================================
2020-12-25 23:04:01,113 - D:/PyCharm 2019.3.2/risk/run.py[line:149] - INFO: Training:	  Loss: 0.000607
2020-12-25 23:04:01,113 - D:/PyCharm 2019.3.2/risk/run.py[line:150] - INFO: Evaluating:	 Loss: 0.000439
2020-12-25 23:04:01,113 - D:/PyCharm 2019.3.2/risk/run.py[line:151] - INFO: 
2020-12-25 23:04:01,114 - D:/PyCharm 2019.3.2/risk/run.py[line:118] - INFO: ====================================================================================================
2020-12-25 23:04:03,530 - D:/PyCharm 2019.3.2/risk/run.py[line:149] - INFO: Training:	  Loss: 0.000716
2020-12-25 23:04:03,530 - D:/PyCharm 2019.3.2/risk/run.py[line:150] - INFO: Evaluating:	 Loss: 0.000280
2020-12-25 23:04:03,530 - D:/PyCharm 2019.3.2/risk/run.py[line:151] - INFO: 
2020-12-25 23:04:03,530 - D:/PyCharm 2019.3.2/risk/run.py[line:118] - INFO: ====================================================================================================
2020-12-25 23:04:05,957 - D:/PyCharm 2019.3.2/risk/run.py[line:149] - INFO: Training:	  Loss: 0.000587
2020-12-25 23:04:05,957 - D:/PyCharm 2019.3.2/risk/run.py[line:150] - INFO: Evaluating:	 Loss: 0.000218
2020-12-25 23:04:05,957 - D:/PyCharm 2019.3.2/risk/run.py[line:151] - INFO: 
2020-12-25 23:04:05,958 - D:/PyCharm 2019.3.2/risk/run.py[line:118] - INFO: ====================================================================================================
2020-12-25 23:04:08,432 - D:/PyCharm 2019.3.2/risk/run.py[line:149] - INFO: Training:	  Loss: 0.000617
2020-12-25 23:04:08,432 - D:/PyCharm 2019.3.2/risk/run.py[line:150] - INFO: Evaluating:	 Loss: 0.000201
2020-12-25 23:04:08,433 - D:/PyCharm 2019.3.2/risk/run.py[line:151] - INFO: 
2020-12-25 23:04:08,433 - D:/PyCharm 2019.3.2/risk/run.py[line:118] - INFO: ====================================================================================================
2020-12-25 23:04:10,884 - D:/PyCharm 2019.3.2/risk/run.py[line:149] - INFO: Training:	  Loss: 0.000539
2020-12-25 23:04:10,884 - D:/PyCharm 2019.3.2/risk/run.py[line:150] - INFO: Evaluating:	 Loss: 0.000307
2020-12-25 23:04:10,884 - D:/PyCharm 2019.3.2/risk/run.py[line:151] - INFO: 
2020-12-25 23:04:10,884 - D:/PyCharm 2019.3.2/risk/run.py[line:118] - INFO: ====================================================================================================
2020-12-25 23:04:13,324 - D:/PyCharm 2019.3.2/risk/run.py[line:149] - INFO: Training:	  Loss: 0.000564
2020-12-25 23:04:13,324 - D:/PyCharm 2019.3.2/risk/run.py[line:150] - INFO: Evaluating:	 Loss: 0.000226
2020-12-25 23:04:13,324 - D:/PyCharm 2019.3.2/risk/run.py[line:151] - INFO: 
2020-12-25 23:04:13,325 - D:/PyCharm 2019.3.2/risk/run.py[line:118] - INFO: ====================================================================================================
2020-12-25 23:04:15,844 - D:/PyCharm 2019.3.2/risk/run.py[line:149] - INFO: Training:	  Loss: 0.000486
2020-12-25 23:04:15,844 - D:/PyCharm 2019.3.2/risk/run.py[line:150] - INFO: Evaluating:	 Loss: 0.000186
2020-12-25 23:04:15,844 - D:/PyCharm 2019.3.2/risk/run.py[line:151] - INFO: 
2020-12-25 23:04:15,844 - D:/PyCharm 2019.3.2/risk/run.py[line:118] - INFO: ====================================================================================================
2020-12-25 23:04:18,404 - D:/PyCharm 2019.3.2/risk/run.py[line:149] - INFO: Training:	  Loss: 0.000553
2020-12-25 23:04:18,404 - D:/PyCharm 2019.3.2/risk/run.py[line:150] - INFO: Evaluating:	 Loss: 0.000838
2020-12-25 23:04:18,405 - D:/PyCharm 2019.3.2/risk/run.py[line:151] - INFO: 
2020-12-25 23:04:18,405 - D:/PyCharm 2019.3.2/risk/run.py[line:118] - INFO: ====================================================================================================
2020-12-25 23:04:20,863 - D:/PyCharm 2019.3.2/risk/run.py[line:149] - INFO: Training:	  Loss: 0.000705
2020-12-25 23:04:20,863 - D:/PyCharm 2019.3.2/risk/run.py[line:150] - INFO: Evaluating:	 Loss: 0.000435
2020-12-25 23:04:20,863 - D:/PyCharm 2019.3.2/risk/run.py[line:151] - INFO: 
2020-12-25 23:04:20,863 - D:/PyCharm 2019.3.2/risk/run.py[line:118] - INFO: ====================================================================================================
2020-12-25 23:04:23,374 - D:/PyCharm 2019.3.2/risk/run.py[line:149] - INFO: Training:	  Loss: 0.000606
2020-12-25 23:04:23,374 - D:/PyCharm 2019.3.2/risk/run.py[line:150] - INFO: Evaluating:	 Loss: 0.000191
2020-12-25 23:04:23,374 - D:/PyCharm 2019.3.2/risk/run.py[line:151] - INFO: 
2020-12-25 23:04:23,374 - D:/PyCharm 2019.3.2/risk/run.py[line:118] - INFO: ====================================================================================================
2020-12-25 23:04:25,851 - D:/PyCharm 2019.3.2/risk/run.py[line:149] - INFO: Training:	  Loss: 0.000563
2020-12-25 23:04:25,851 - D:/PyCharm 2019.3.2/risk/run.py[line:150] - INFO: Evaluating:	 Loss: 0.000227
2020-12-25 23:04:25,852 - D:/PyCharm 2019.3.2/risk/run.py[line:151] - INFO: 
2020-12-25 23:04:25,852 - D:/PyCharm 2019.3.2/risk/run.py[line:118] - INFO: ====================================================================================================
2020-12-25 23:04:28,357 - D:/PyCharm 2019.3.2/risk/run.py[line:149] - INFO: Training:	  Loss: 0.000425
2020-12-25 23:04:28,357 - D:/PyCharm 2019.3.2/risk/run.py[line:150] - INFO: Evaluating:	 Loss: 0.000199
2020-12-25 23:04:28,357 - D:/PyCharm 2019.3.2/risk/run.py[line:151] - INFO: 
2020-12-25 23:04:28,357 - D:/PyCharm 2019.3.2/risk/run.py[line:118] - INFO: ====================================================================================================
2020-12-25 23:04:30,856 - D:/PyCharm 2019.3.2/risk/run.py[line:149] - INFO: Training:	  Loss: 0.000547
2020-12-25 23:04:30,856 - D:/PyCharm 2019.3.2/risk/run.py[line:150] - INFO: Evaluating:	 Loss: 0.000195
2020-12-25 23:04:30,857 - D:/PyCharm 2019.3.2/risk/run.py[line:151] - INFO: 
2020-12-25 23:04:30,857 - D:/PyCharm 2019.3.2/risk/run.py[line:118] - INFO: ====================================================================================================
2020-12-25 23:04:33,373 - D:/PyCharm 2019.3.2/risk/run.py[line:149] - INFO: Training:	  Loss: 0.000423
2020-12-25 23:04:33,374 - D:/PyCharm 2019.3.2/risk/run.py[line:150] - INFO: Evaluating:	 Loss: 0.000547
2020-12-25 23:04:33,374 - D:/PyCharm 2019.3.2/risk/run.py[line:151] - INFO: 
2020-12-25 23:04:33,374 - D:/PyCharm 2019.3.2/risk/run.py[line:118] - INFO: ====================================================================================================
2020-12-25 23:04:35,887 - D:/PyCharm 2019.3.2/risk/run.py[line:149] - INFO: Training:	  Loss: 0.000424
2020-12-25 23:04:35,888 - D:/PyCharm 2019.3.2/risk/run.py[line:150] - INFO: Evaluating:	 Loss: 0.000225
2020-12-25 23:04:35,888 - D:/PyCharm 2019.3.2/risk/run.py[line:151] - INFO: 
2020-12-25 23:04:35,888 - D:/PyCharm 2019.3.2/risk/run.py[line:118] - INFO: ====================================================================================================
2020-12-25 23:04:38,408 - D:/PyCharm 2019.3.2/risk/run.py[line:149] - INFO: Training:	  Loss: 0.000426
2020-12-25 23:04:38,408 - D:/PyCharm 2019.3.2/risk/run.py[line:150] - INFO: Evaluating:	 Loss: 0.000214
2020-12-25 23:04:38,408 - D:/PyCharm 2019.3.2/risk/run.py[line:151] - INFO: 
2020-12-25 23:04:38,408 - D:/PyCharm 2019.3.2/risk/run.py[line:118] - INFO: ====================================================================================================
2020-12-25 23:04:40,914 - D:/PyCharm 2019.3.2/risk/run.py[line:149] - INFO: Training:	  Loss: 0.000401
2020-12-25 23:04:40,915 - D:/PyCharm 2019.3.2/risk/run.py[line:150] - INFO: Evaluating:	 Loss: 0.000238
2020-12-25 23:04:40,915 - D:/PyCharm 2019.3.2/risk/run.py[line:151] - INFO: 
2020-12-25 23:04:40,915 - D:/PyCharm 2019.3.2/risk/run.py[line:118] - INFO: ====================================================================================================
2020-12-25 23:04:43,446 - D:/PyCharm 2019.3.2/risk/run.py[line:149] - INFO: Training:	  Loss: 0.000446
2020-12-25 23:04:43,446 - D:/PyCharm 2019.3.2/risk/run.py[line:150] - INFO: Evaluating:	 Loss: 0.000235
2020-12-25 23:04:43,446 - D:/PyCharm 2019.3.2/risk/run.py[line:151] - INFO: 
2020-12-25 23:04:43,447 - D:/PyCharm 2019.3.2/risk/run.py[line:118] - INFO: ====================================================================================================
2020-12-25 23:04:45,907 - D:/PyCharm 2019.3.2/risk/run.py[line:149] - INFO: Training:	  Loss: 0.000439
2020-12-25 23:04:45,907 - D:/PyCharm 2019.3.2/risk/run.py[line:150] - INFO: Evaluating:	 Loss: 0.000199
2020-12-25 23:04:45,907 - D:/PyCharm 2019.3.2/risk/run.py[line:151] - INFO: 
2020-12-25 23:04:45,907 - D:/PyCharm 2019.3.2/risk/run.py[line:118] - INFO: ====================================================================================================
2020-12-25 23:04:48,407 - D:/PyCharm 2019.3.2/risk/run.py[line:149] - INFO: Training:	  Loss: 0.000377
2020-12-25 23:04:48,407 - D:/PyCharm 2019.3.2/risk/run.py[line:150] - INFO: Evaluating:	 Loss: 0.000215
2020-12-25 23:04:48,407 - D:/PyCharm 2019.3.2/risk/run.py[line:151] - INFO: 
2020-12-25 23:04:48,407 - D:/PyCharm 2019.3.2/risk/run.py[line:118] - INFO: ====================================================================================================
2020-12-25 23:04:50,930 - D:/PyCharm 2019.3.2/risk/run.py[line:149] - INFO: Training:	  Loss: 0.000469
2020-12-25 23:04:50,930 - D:/PyCharm 2019.3.2/risk/run.py[line:150] - INFO: Evaluating:	 Loss: 0.000189
2020-12-25 23:04:50,930 - D:/PyCharm 2019.3.2/risk/run.py[line:151] - INFO: 
2020-12-25 23:04:50,930 - D:/PyCharm 2019.3.2/risk/run.py[line:118] - INFO: ====================================================================================================
2020-12-25 23:04:53,408 - D:/PyCharm 2019.3.2/risk/run.py[line:149] - INFO: Training:	  Loss: 0.000355
2020-12-25 23:04:53,408 - D:/PyCharm 2019.3.2/risk/run.py[line:150] - INFO: Evaluating:	 Loss: 0.000282
2020-12-25 23:04:53,408 - D:/PyCharm 2019.3.2/risk/run.py[line:151] - INFO: 
2020-12-25 23:04:53,408 - D:/PyCharm 2019.3.2/risk/run.py[line:118] - INFO: ====================================================================================================
2020-12-25 23:04:55,932 - D:/PyCharm 2019.3.2/risk/run.py[line:149] - INFO: Training:	  Loss: 0.000558
2020-12-25 23:04:55,933 - D:/PyCharm 2019.3.2/risk/run.py[line:150] - INFO: Evaluating:	 Loss: 0.000260
2020-12-25 23:04:55,933 - D:/PyCharm 2019.3.2/risk/run.py[line:151] - INFO: 
2020-12-25 23:04:55,933 - D:/PyCharm 2019.3.2/risk/run.py[line:118] - INFO: ====================================================================================================
2020-12-25 23:04:58,476 - D:/PyCharm 2019.3.2/risk/run.py[line:149] - INFO: Training:	  Loss: 0.000403
2020-12-25 23:04:58,476 - D:/PyCharm 2019.3.2/risk/run.py[line:150] - INFO: Evaluating:	 Loss: 0.000197
2020-12-25 23:04:58,476 - D:/PyCharm 2019.3.2/risk/run.py[line:151] - INFO: 
2020-12-25 23:04:58,476 - D:/PyCharm 2019.3.2/risk/run.py[line:118] - INFO: ====================================================================================================
2020-12-25 23:05:00,983 - D:/PyCharm 2019.3.2/risk/run.py[line:149] - INFO: Training:	  Loss: 0.000345
2020-12-25 23:05:00,983 - D:/PyCharm 2019.3.2/risk/run.py[line:150] - INFO: Evaluating:	 Loss: 0.000218
2020-12-25 23:05:00,983 - D:/PyCharm 2019.3.2/risk/run.py[line:151] - INFO: 
2020-12-25 23:05:00,983 - D:/PyCharm 2019.3.2/risk/run.py[line:118] - INFO: ====================================================================================================
2020-12-25 23:05:03,478 - D:/PyCharm 2019.3.2/risk/run.py[line:149] - INFO: Training:	  Loss: 0.000433
2020-12-25 23:05:03,478 - D:/PyCharm 2019.3.2/risk/run.py[line:150] - INFO: Evaluating:	 Loss: 0.000189
2020-12-25 23:05:03,478 - D:/PyCharm 2019.3.2/risk/run.py[line:151] - INFO: 
2020-12-25 23:05:03,478 - D:/PyCharm 2019.3.2/risk/run.py[line:118] - INFO: ====================================================================================================
2020-12-25 23:05:05,959 - D:/PyCharm 2019.3.2/risk/run.py[line:149] - INFO: Training:	  Loss: 0.000398
2020-12-25 23:05:05,959 - D:/PyCharm 2019.3.2/risk/run.py[line:150] - INFO: Evaluating:	 Loss: 0.000156
2020-12-25 23:05:05,960 - D:/PyCharm 2019.3.2/risk/run.py[line:151] - INFO: 
2020-12-25 23:05:05,960 - D:/PyCharm 2019.3.2/risk/run.py[line:118] - INFO: ====================================================================================================
2020-12-25 23:05:08,479 - D:/PyCharm 2019.3.2/risk/run.py[line:149] - INFO: Training:	  Loss: 0.000353
2020-12-25 23:05:08,479 - D:/PyCharm 2019.3.2/risk/run.py[line:150] - INFO: Evaluating:	 Loss: 0.000156
2020-12-25 23:05:08,479 - D:/PyCharm 2019.3.2/risk/run.py[line:151] - INFO: 
2020-12-25 23:05:08,479 - D:/PyCharm 2019.3.2/risk/run.py[line:118] - INFO: ====================================================================================================
2020-12-25 23:05:10,986 - D:/PyCharm 2019.3.2/risk/run.py[line:149] - INFO: Training:	  Loss: 0.000348
2020-12-25 23:05:10,987 - D:/PyCharm 2019.3.2/risk/run.py[line:150] - INFO: Evaluating:	 Loss: 0.000483
2020-12-25 23:05:10,987 - D:/PyCharm 2019.3.2/risk/run.py[line:151] - INFO: 
2020-12-25 23:05:10,987 - D:/PyCharm 2019.3.2/risk/run.py[line:118] - INFO: ====================================================================================================
2020-12-25 23:05:13,474 - D:/PyCharm 2019.3.2/risk/run.py[line:149] - INFO: Training:	  Loss: 0.000369
2020-12-25 23:05:13,475 - D:/PyCharm 2019.3.2/risk/run.py[line:150] - INFO: Evaluating:	 Loss: 0.000245
2020-12-25 23:05:13,475 - D:/PyCharm 2019.3.2/risk/run.py[line:151] - INFO: 
2020-12-25 23:05:13,475 - D:/PyCharm 2019.3.2/risk/run.py[line:118] - INFO: ====================================================================================================
2020-12-25 23:05:15,976 - D:/PyCharm 2019.3.2/risk/run.py[line:149] - INFO: Training:	  Loss: 0.000410
2020-12-25 23:05:15,976 - D:/PyCharm 2019.3.2/risk/run.py[line:150] - INFO: Evaluating:	 Loss: 0.000248
2020-12-25 23:05:15,976 - D:/PyCharm 2019.3.2/risk/run.py[line:151] - INFO: 
2020-12-25 23:05:15,976 - D:/PyCharm 2019.3.2/risk/run.py[line:118] - INFO: ====================================================================================================
2020-12-25 23:05:18,478 - D:/PyCharm 2019.3.2/risk/run.py[line:149] - INFO: Training:	  Loss: 0.000357
2020-12-25 23:05:18,478 - D:/PyCharm 2019.3.2/risk/run.py[line:150] - INFO: Evaluating:	 Loss: 0.000206
2020-12-25 23:05:18,478 - D:/PyCharm 2019.3.2/risk/run.py[line:151] - INFO: 
2020-12-25 23:05:18,478 - D:/PyCharm 2019.3.2/risk/run.py[line:118] - INFO: ====================================================================================================
2020-12-25 23:05:21,060 - D:/PyCharm 2019.3.2/risk/run.py[line:149] - INFO: Training:	  Loss: 0.000371
2020-12-25 23:05:21,060 - D:/PyCharm 2019.3.2/risk/run.py[line:150] - INFO: Evaluating:	 Loss: 0.000174
2020-12-25 23:05:21,060 - D:/PyCharm 2019.3.2/risk/run.py[line:151] - INFO: 
2020-12-25 23:05:21,060 - D:/PyCharm 2019.3.2/risk/run.py[line:118] - INFO: ====================================================================================================
2020-12-25 23:05:23,579 - D:/PyCharm 2019.3.2/risk/run.py[line:149] - INFO: Training:	  Loss: 0.000345
2020-12-25 23:05:23,579 - D:/PyCharm 2019.3.2/risk/run.py[line:150] - INFO: Evaluating:	 Loss: 0.000360
2020-12-25 23:05:23,579 - D:/PyCharm 2019.3.2/risk/run.py[line:151] - INFO: 
2020-12-25 23:05:23,579 - D:/PyCharm 2019.3.2/risk/run.py[line:118] - INFO: ====================================================================================================
2020-12-25 23:05:26,090 - D:/PyCharm 2019.3.2/risk/run.py[line:149] - INFO: Training:	  Loss: 0.000388
2020-12-25 23:05:26,090 - D:/PyCharm 2019.3.2/risk/run.py[line:150] - INFO: Evaluating:	 Loss: 0.000300
2020-12-25 23:05:26,090 - D:/PyCharm 2019.3.2/risk/run.py[line:151] - INFO: 
2020-12-25 23:05:26,090 - D:/PyCharm 2019.3.2/risk/run.py[line:118] - INFO: ====================================================================================================
2020-12-25 23:05:28,615 - D:/PyCharm 2019.3.2/risk/run.py[line:149] - INFO: Training:	  Loss: 0.000439
2020-12-25 23:05:28,615 - D:/PyCharm 2019.3.2/risk/run.py[line:150] - INFO: Evaluating:	 Loss: 0.000269
2020-12-25 23:05:28,615 - D:/PyCharm 2019.3.2/risk/run.py[line:151] - INFO: 
2020-12-25 23:05:28,615 - D:/PyCharm 2019.3.2/risk/run.py[line:118] - INFO: ====================================================================================================
2020-12-25 23:05:31,132 - D:/PyCharm 2019.3.2/risk/run.py[line:149] - INFO: Training:	  Loss: 0.000340
2020-12-25 23:05:31,133 - D:/PyCharm 2019.3.2/risk/run.py[line:150] - INFO: Evaluating:	 Loss: 0.000165
2020-12-25 23:05:31,133 - D:/PyCharm 2019.3.2/risk/run.py[line:151] - INFO: 
2020-12-25 23:05:31,133 - D:/PyCharm 2019.3.2/risk/run.py[line:118] - INFO: ====================================================================================================
2020-12-25 23:05:33,659 - D:/PyCharm 2019.3.2/risk/run.py[line:149] - INFO: Training:	  Loss: 0.000342
2020-12-25 23:05:33,659 - D:/PyCharm 2019.3.2/risk/run.py[line:150] - INFO: Evaluating:	 Loss: 0.000225
2020-12-25 23:05:33,659 - D:/PyCharm 2019.3.2/risk/run.py[line:151] - INFO: 
2020-12-25 23:05:33,659 - D:/PyCharm 2019.3.2/risk/run.py[line:118] - INFO: ====================================================================================================
2020-12-25 23:05:36,163 - D:/PyCharm 2019.3.2/risk/run.py[line:149] - INFO: Training:	  Loss: 0.000358
2020-12-25 23:05:36,163 - D:/PyCharm 2019.3.2/risk/run.py[line:150] - INFO: Evaluating:	 Loss: 0.000398
2020-12-25 23:05:36,163 - D:/PyCharm 2019.3.2/risk/run.py[line:151] - INFO: 
2020-12-25 23:05:36,163 - D:/PyCharm 2019.3.2/risk/run.py[line:118] - INFO: ====================================================================================================
2020-12-25 23:05:38,680 - D:/PyCharm 2019.3.2/risk/run.py[line:149] - INFO: Training:	  Loss: 0.000470
2020-12-25 23:05:38,680 - D:/PyCharm 2019.3.2/risk/run.py[line:150] - INFO: Evaluating:	 Loss: 0.000161
2020-12-25 23:05:38,680 - D:/PyCharm 2019.3.2/risk/run.py[line:151] - INFO: 
2020-12-25 23:05:38,680 - D:/PyCharm 2019.3.2/risk/run.py[line:118] - INFO: ====================================================================================================
2020-12-25 23:05:41,204 - D:/PyCharm 2019.3.2/risk/run.py[line:149] - INFO: Training:	  Loss: 0.000323
2020-12-25 23:05:41,204 - D:/PyCharm 2019.3.2/risk/run.py[line:150] - INFO: Evaluating:	 Loss: 0.000528
2020-12-25 23:05:41,204 - D:/PyCharm 2019.3.2/risk/run.py[line:151] - INFO: 
2020-12-25 23:05:41,204 - D:/PyCharm 2019.3.2/risk/run.py[line:118] - INFO: ====================================================================================================
2020-12-25 23:05:43,725 - D:/PyCharm 2019.3.2/risk/run.py[line:149] - INFO: Training:	  Loss: 0.000432
2020-12-25 23:05:43,725 - D:/PyCharm 2019.3.2/risk/run.py[line:150] - INFO: Evaluating:	 Loss: 0.000211
2020-12-25 23:05:43,725 - D:/PyCharm 2019.3.2/risk/run.py[line:151] - INFO: 
2020-12-25 23:05:43,726 - D:/PyCharm 2019.3.2/risk/run.py[line:118] - INFO: ====================================================================================================
2020-12-25 23:06:48,782 - D:/PyCharm 2019.3.2/risk/run.py[line:118] - INFO: ====================================================================================================
2020-12-25 23:06:51,934 - D:/PyCharm 2019.3.2/risk/run.py[line:149] - INFO: Training:	  Loss: 65867.495918
2020-12-25 23:06:51,935 - D:/PyCharm 2019.3.2/risk/run.py[line:150] - INFO: Evaluating:	 Loss: 0.000251
2020-12-25 23:06:51,935 - D:/PyCharm 2019.3.2/risk/run.py[line:151] - INFO: 
2020-12-25 23:06:51,935 - D:/PyCharm 2019.3.2/risk/run.py[line:118] - INFO: ====================================================================================================
2020-12-25 23:06:54,400 - D:/PyCharm 2019.3.2/risk/run.py[line:149] - INFO: Training:	  Loss: 4961.685483
2020-12-25 23:06:54,401 - D:/PyCharm 2019.3.2/risk/run.py[line:150] - INFO: Evaluating:	 Loss: 0.000208
2020-12-25 23:06:54,401 - D:/PyCharm 2019.3.2/risk/run.py[line:151] - INFO: 
2020-12-25 23:06:54,401 - D:/PyCharm 2019.3.2/risk/run.py[line:118] - INFO: ====================================================================================================
2020-12-25 23:06:56,838 - D:/PyCharm 2019.3.2/risk/run.py[line:149] - INFO: Training:	  Loss: 4535.906202
2020-12-25 23:06:56,839 - D:/PyCharm 2019.3.2/risk/run.py[line:150] - INFO: Evaluating:	 Loss: 0.000289
2020-12-25 23:06:56,839 - D:/PyCharm 2019.3.2/risk/run.py[line:151] - INFO: 
2020-12-25 23:06:56,839 - D:/PyCharm 2019.3.2/risk/run.py[line:118] - INFO: ====================================================================================================
2020-12-25 23:06:59,448 - D:/PyCharm 2019.3.2/risk/run.py[line:149] - INFO: Training:	  Loss: 4740.866963
2020-12-25 23:06:59,448 - D:/PyCharm 2019.3.2/risk/run.py[line:150] - INFO: Evaluating:	 Loss: 0.000328
2020-12-25 23:06:59,449 - D:/PyCharm 2019.3.2/risk/run.py[line:151] - INFO: 
2020-12-25 23:06:59,449 - D:/PyCharm 2019.3.2/risk/run.py[line:118] - INFO: ====================================================================================================
2020-12-25 23:07:01,912 - D:/PyCharm 2019.3.2/risk/run.py[line:149] - INFO: Training:	  Loss: 5030.599451
2020-12-25 23:07:01,912 - D:/PyCharm 2019.3.2/risk/run.py[line:150] - INFO: Evaluating:	 Loss: 0.000313
2020-12-25 23:07:01,914 - D:/PyCharm 2019.3.2/risk/run.py[line:151] - INFO: 
2020-12-25 23:07:01,914 - D:/PyCharm 2019.3.2/risk/run.py[line:118] - INFO: ====================================================================================================
2020-12-25 23:07:04,359 - D:/PyCharm 2019.3.2/risk/run.py[line:149] - INFO: Training:	  Loss: 3969.302898
2020-12-25 23:07:04,359 - D:/PyCharm 2019.3.2/risk/run.py[line:150] - INFO: Evaluating:	 Loss: 0.000232
2020-12-25 23:07:04,359 - D:/PyCharm 2019.3.2/risk/run.py[line:151] - INFO: 
2020-12-25 23:07:04,359 - D:/PyCharm 2019.3.2/risk/run.py[line:118] - INFO: ====================================================================================================
2020-12-25 23:07:06,833 - D:/PyCharm 2019.3.2/risk/run.py[line:149] - INFO: Training:	  Loss: 3561.057981
2020-12-25 23:07:06,833 - D:/PyCharm 2019.3.2/risk/run.py[line:150] - INFO: Evaluating:	 Loss: 0.000286
2020-12-25 23:07:06,833 - D:/PyCharm 2019.3.2/risk/run.py[line:151] - INFO: 
2020-12-25 23:07:06,833 - D:/PyCharm 2019.3.2/risk/run.py[line:118] - INFO: ====================================================================================================
2020-12-25 23:07:09,293 - D:/PyCharm 2019.3.2/risk/run.py[line:149] - INFO: Training:	  Loss: 3321.319664
2020-12-25 23:07:09,293 - D:/PyCharm 2019.3.2/risk/run.py[line:150] - INFO: Evaluating:	 Loss: 0.000375
2020-12-25 23:07:09,293 - D:/PyCharm 2019.3.2/risk/run.py[line:151] - INFO: 
2020-12-25 23:07:09,294 - D:/PyCharm 2019.3.2/risk/run.py[line:118] - INFO: ====================================================================================================
2020-12-25 23:07:11,744 - D:/PyCharm 2019.3.2/risk/run.py[line:149] - INFO: Training:	  Loss: 3873.431327
2020-12-25 23:07:11,744 - D:/PyCharm 2019.3.2/risk/run.py[line:150] - INFO: Evaluating:	 Loss: 0.000435
2020-12-25 23:07:11,744 - D:/PyCharm 2019.3.2/risk/run.py[line:151] - INFO: 
2020-12-25 23:07:11,744 - D:/PyCharm 2019.3.2/risk/run.py[line:118] - INFO: ====================================================================================================
2020-12-25 23:07:14,230 - D:/PyCharm 2019.3.2/risk/run.py[line:149] - INFO: Training:	  Loss: 4785.031556
2020-12-25 23:07:14,230 - D:/PyCharm 2019.3.2/risk/run.py[line:150] - INFO: Evaluating:	 Loss: 0.000275
2020-12-25 23:07:14,230 - D:/PyCharm 2019.3.2/risk/run.py[line:151] - INFO: 
2020-12-25 23:07:14,326 - D:/PyCharm 2019.3.2/risk/run.py[line:180] - INFO: seq_len= 60|  batch_size= 32 | test_size=200 after info: Loss(RMSE): 59.852
2020-12-25 23:10:06,786 - D:/PyCharm 2019.3.2/risk/run.py[line:118] - INFO: ====================================================================================================
2020-12-25 23:10:11,194 - D:/PyCharm 2019.3.2/risk/run.py[line:149] - INFO: Training:	  Loss: 72002.706183
2020-12-25 23:10:11,194 - D:/PyCharm 2019.3.2/risk/run.py[line:150] - INFO: Evaluating:	 Loss: 0.000852
2020-12-25 23:10:11,194 - D:/PyCharm 2019.3.2/risk/run.py[line:151] - INFO: 
2020-12-25 23:10:11,195 - D:/PyCharm 2019.3.2/risk/run.py[line:118] - INFO: ====================================================================================================
2020-12-25 23:10:15,178 - D:/PyCharm 2019.3.2/risk/run.py[line:149] - INFO: Training:	  Loss: 5291.484165
2020-12-25 23:10:15,179 - D:/PyCharm 2019.3.2/risk/run.py[line:150] - INFO: Evaluating:	 Loss: 0.000883
2020-12-25 23:10:15,179 - D:/PyCharm 2019.3.2/risk/run.py[line:151] - INFO: 
2020-12-25 23:10:15,179 - D:/PyCharm 2019.3.2/risk/run.py[line:118] - INFO: ====================================================================================================
2020-12-25 23:10:19,177 - D:/PyCharm 2019.3.2/risk/run.py[line:149] - INFO: Training:	  Loss: 5615.784368
2020-12-25 23:10:19,178 - D:/PyCharm 2019.3.2/risk/run.py[line:150] - INFO: Evaluating:	 Loss: 0.000255
2020-12-25 23:10:19,178 - D:/PyCharm 2019.3.2/risk/run.py[line:151] - INFO: 
2020-12-25 23:10:19,178 - D:/PyCharm 2019.3.2/risk/run.py[line:118] - INFO: ====================================================================================================
2020-12-25 23:10:23,159 - D:/PyCharm 2019.3.2/risk/run.py[line:149] - INFO: Training:	  Loss: 4709.681539
2020-12-25 23:10:23,159 - D:/PyCharm 2019.3.2/risk/run.py[line:150] - INFO: Evaluating:	 Loss: 0.000436
2020-12-25 23:10:23,159 - D:/PyCharm 2019.3.2/risk/run.py[line:151] - INFO: 
2020-12-25 23:10:23,159 - D:/PyCharm 2019.3.2/risk/run.py[line:118] - INFO: ====================================================================================================
2020-12-25 23:10:27,198 - D:/PyCharm 2019.3.2/risk/run.py[line:149] - INFO: Training:	  Loss: 4786.024532
2020-12-25 23:10:27,199 - D:/PyCharm 2019.3.2/risk/run.py[line:150] - INFO: Evaluating:	 Loss: 0.000333
2020-12-25 23:10:27,199 - D:/PyCharm 2019.3.2/risk/run.py[line:151] - INFO: 
2020-12-25 23:10:27,199 - D:/PyCharm 2019.3.2/risk/run.py[line:118] - INFO: ====================================================================================================
2020-12-25 23:10:31,268 - D:/PyCharm 2019.3.2/risk/run.py[line:149] - INFO: Training:	  Loss: 4250.502545
2020-12-25 23:10:31,268 - D:/PyCharm 2019.3.2/risk/run.py[line:150] - INFO: Evaluating:	 Loss: 0.000316
2020-12-25 23:10:31,268 - D:/PyCharm 2019.3.2/risk/run.py[line:151] - INFO: 
2020-12-25 23:10:31,268 - D:/PyCharm 2019.3.2/risk/run.py[line:118] - INFO: ====================================================================================================
2020-12-25 23:10:35,386 - D:/PyCharm 2019.3.2/risk/run.py[line:149] - INFO: Training:	  Loss: 4620.175669
2020-12-25 23:10:35,386 - D:/PyCharm 2019.3.2/risk/run.py[line:150] - INFO: Evaluating:	 Loss: 0.000277
2020-12-25 23:10:35,386 - D:/PyCharm 2019.3.2/risk/run.py[line:151] - INFO: 
2020-12-25 23:10:35,386 - D:/PyCharm 2019.3.2/risk/run.py[line:118] - INFO: ====================================================================================================
2020-12-25 23:10:39,510 - D:/PyCharm 2019.3.2/risk/run.py[line:149] - INFO: Training:	  Loss: 3955.293237
2020-12-25 23:10:39,510 - D:/PyCharm 2019.3.2/risk/run.py[line:150] - INFO: Evaluating:	 Loss: 0.000229
2020-12-25 23:10:39,510 - D:/PyCharm 2019.3.2/risk/run.py[line:151] - INFO: 
2020-12-25 23:10:39,510 - D:/PyCharm 2019.3.2/risk/run.py[line:118] - INFO: ====================================================================================================
2020-12-25 23:10:43,631 - D:/PyCharm 2019.3.2/risk/run.py[line:149] - INFO: Training:	  Loss: 4329.912630
2020-12-25 23:10:43,632 - D:/PyCharm 2019.3.2/risk/run.py[line:150] - INFO: Evaluating:	 Loss: 0.000281
2020-12-25 23:10:43,632 - D:/PyCharm 2019.3.2/risk/run.py[line:151] - INFO: 
2020-12-25 23:10:43,632 - D:/PyCharm 2019.3.2/risk/run.py[line:118] - INFO: ====================================================================================================
2020-12-25 23:10:47,698 - D:/PyCharm 2019.3.2/risk/run.py[line:149] - INFO: Training:	  Loss: 4018.746632
2020-12-25 23:10:47,698 - D:/PyCharm 2019.3.2/risk/run.py[line:150] - INFO: Evaluating:	 Loss: 0.000516
2020-12-25 23:10:47,698 - D:/PyCharm 2019.3.2/risk/run.py[line:151] - INFO: 
2020-12-25 23:10:47,822 - D:/PyCharm 2019.3.2/risk/run.py[line:180] - INFO: seq_len= 60|  batch_size= 32 | test_size=200 after info: Loss(RMSE): 86.717
2020-12-25 23:11:12,036 - D:/PyCharm 2019.3.2/risk/run.py[line:118] - INFO: ====================================================================================================
2020-12-25 23:11:16,382 - D:/PyCharm 2019.3.2/risk/run.py[line:149] - INFO: Training:	  Loss: 120019.347656
2020-12-25 23:11:16,383 - D:/PyCharm 2019.3.2/risk/run.py[line:150] - INFO: Evaluating:	 Loss: 0.000538
2020-12-25 23:11:16,383 - D:/PyCharm 2019.3.2/risk/run.py[line:151] - INFO: 
2020-12-25 23:11:16,383 - D:/PyCharm 2019.3.2/risk/run.py[line:118] - INFO: ====================================================================================================
2020-12-25 23:11:20,424 - D:/PyCharm 2019.3.2/risk/run.py[line:149] - INFO: Training:	  Loss: 6124.123651
2020-12-25 23:11:20,424 - D:/PyCharm 2019.3.2/risk/run.py[line:150] - INFO: Evaluating:	 Loss: 0.000342
2020-12-25 23:11:20,424 - D:/PyCharm 2019.3.2/risk/run.py[line:151] - INFO: 
2020-12-25 23:11:20,425 - D:/PyCharm 2019.3.2/risk/run.py[line:118] - INFO: ====================================================================================================
2020-12-25 23:11:24,466 - D:/PyCharm 2019.3.2/risk/run.py[line:149] - INFO: Training:	  Loss: 5058.091495
2020-12-25 23:11:24,466 - D:/PyCharm 2019.3.2/risk/run.py[line:150] - INFO: Evaluating:	 Loss: 0.000264
2020-12-25 23:11:24,466 - D:/PyCharm 2019.3.2/risk/run.py[line:151] - INFO: 
2020-12-25 23:11:24,466 - D:/PyCharm 2019.3.2/risk/run.py[line:118] - INFO: ====================================================================================================
2020-12-25 23:11:28,547 - D:/PyCharm 2019.3.2/risk/run.py[line:149] - INFO: Training:	  Loss: 5167.926828
2020-12-25 23:11:28,547 - D:/PyCharm 2019.3.2/risk/run.py[line:150] - INFO: Evaluating:	 Loss: 0.000353
2020-12-25 23:11:28,548 - D:/PyCharm 2019.3.2/risk/run.py[line:151] - INFO: 
2020-12-25 23:11:28,548 - D:/PyCharm 2019.3.2/risk/run.py[line:118] - INFO: ====================================================================================================
2020-12-25 23:11:32,690 - D:/PyCharm 2019.3.2/risk/run.py[line:149] - INFO: Training:	  Loss: 4925.912470
2020-12-25 23:11:32,691 - D:/PyCharm 2019.3.2/risk/run.py[line:150] - INFO: Evaluating:	 Loss: 0.000314
2020-12-25 23:11:32,691 - D:/PyCharm 2019.3.2/risk/run.py[line:151] - INFO: 
2020-12-25 23:11:32,691 - D:/PyCharm 2019.3.2/risk/run.py[line:118] - INFO: ====================================================================================================
2020-12-25 23:11:36,906 - D:/PyCharm 2019.3.2/risk/run.py[line:149] - INFO: Training:	  Loss: 4160.555592
2020-12-25 23:11:36,907 - D:/PyCharm 2019.3.2/risk/run.py[line:150] - INFO: Evaluating:	 Loss: 0.000338
2020-12-25 23:11:36,907 - D:/PyCharm 2019.3.2/risk/run.py[line:151] - INFO: 
2020-12-25 23:11:36,907 - D:/PyCharm 2019.3.2/risk/run.py[line:118] - INFO: ====================================================================================================
2020-12-25 23:11:40,941 - D:/PyCharm 2019.3.2/risk/run.py[line:149] - INFO: Training:	  Loss: 4733.251559
2020-12-25 23:11:40,941 - D:/PyCharm 2019.3.2/risk/run.py[line:150] - INFO: Evaluating:	 Loss: 0.000324
2020-12-25 23:11:40,941 - D:/PyCharm 2019.3.2/risk/run.py[line:151] - INFO: 
2020-12-25 23:11:40,941 - D:/PyCharm 2019.3.2/risk/run.py[line:118] - INFO: ====================================================================================================
2020-12-25 23:11:45,059 - D:/PyCharm 2019.3.2/risk/run.py[line:149] - INFO: Training:	  Loss: 4004.175689
2020-12-25 23:11:45,060 - D:/PyCharm 2019.3.2/risk/run.py[line:150] - INFO: Evaluating:	 Loss: 0.000267
2020-12-25 23:11:45,060 - D:/PyCharm 2019.3.2/risk/run.py[line:151] - INFO: 
2020-12-25 23:11:45,060 - D:/PyCharm 2019.3.2/risk/run.py[line:118] - INFO: ====================================================================================================
2020-12-25 23:11:49,148 - D:/PyCharm 2019.3.2/risk/run.py[line:149] - INFO: Training:	  Loss: 4363.860049
2020-12-25 23:11:49,149 - D:/PyCharm 2019.3.2/risk/run.py[line:150] - INFO: Evaluating:	 Loss: 0.000222
2020-12-25 23:11:49,149 - D:/PyCharm 2019.3.2/risk/run.py[line:151] - INFO: 
2020-12-25 23:11:49,149 - D:/PyCharm 2019.3.2/risk/run.py[line:118] - INFO: ====================================================================================================
2020-12-25 23:11:53,207 - D:/PyCharm 2019.3.2/risk/run.py[line:149] - INFO: Training:	  Loss: 4828.462606
2020-12-25 23:11:53,207 - D:/PyCharm 2019.3.2/risk/run.py[line:150] - INFO: Evaluating:	 Loss: 0.000583
2020-12-25 23:11:53,207 - D:/PyCharm 2019.3.2/risk/run.py[line:151] - INFO: 
2020-12-25 23:11:53,346 - D:/PyCharm 2019.3.2/risk/run.py[line:180] - INFO: seq_len= 60|  batch_size= 32 | test_size=200 after info: Loss(RMSE): 173.134
2020-12-26 21:38:00,269 - D:/PyCharm 2019.3.2/risk/run.py[line:127] - INFO: ====================================================================================================
2020-12-26 21:38:03,075 - D:/PyCharm 2019.3.2/risk/run.py[line:159] - INFO: Training:	  accuracy：0.058024 | Loss: 0.003731
2020-12-26 21:38:03,075 - D:/PyCharm 2019.3.2/risk/run.py[line:160] - INFO: Evaluating:	 accuracy：0.041182 | Loss: 0.000828
2020-12-26 21:38:03,075 - D:/PyCharm 2019.3.2/risk/run.py[line:161] - INFO: 
2020-12-26 21:38:03,076 - D:/PyCharm 2019.3.2/risk/run.py[line:127] - INFO: ====================================================================================================
2020-12-26 21:38:05,518 - D:/PyCharm 2019.3.2/risk/run.py[line:159] - INFO: Training:	  accuracy：0.031233 | Loss: 0.000653
2020-12-26 21:38:05,519 - D:/PyCharm 2019.3.2/risk/run.py[line:160] - INFO: Evaluating:	 accuracy：0.027765 | Loss: 0.000439
2020-12-26 21:38:05,519 - D:/PyCharm 2019.3.2/risk/run.py[line:161] - INFO: 
2020-12-26 21:38:05,519 - D:/PyCharm 2019.3.2/risk/run.py[line:127] - INFO: ====================================================================================================
2020-12-26 21:38:07,961 - D:/PyCharm 2019.3.2/risk/run.py[line:159] - INFO: Training:	  accuracy：0.031877 | Loss: 0.000692
2020-12-26 21:38:07,961 - D:/PyCharm 2019.3.2/risk/run.py[line:160] - INFO: Evaluating:	 accuracy：0.022156 | Loss: 0.000261
2020-12-26 21:38:07,961 - D:/PyCharm 2019.3.2/risk/run.py[line:161] - INFO: 
2020-12-26 21:38:07,961 - D:/PyCharm 2019.3.2/risk/run.py[line:127] - INFO: ====================================================================================================
2020-12-26 21:38:10,407 - D:/PyCharm 2019.3.2/risk/run.py[line:159] - INFO: Training:	  accuracy：0.027980 | Loss: 0.000565
2020-12-26 21:38:10,407 - D:/PyCharm 2019.3.2/risk/run.py[line:160] - INFO: Evaluating:	 accuracy：0.018679 | Loss: 0.000274
2020-12-26 21:38:10,407 - D:/PyCharm 2019.3.2/risk/run.py[line:161] - INFO: 
2020-12-26 21:38:10,407 - D:/PyCharm 2019.3.2/risk/run.py[line:127] - INFO: ====================================================================================================
2020-12-26 21:38:12,891 - D:/PyCharm 2019.3.2/risk/run.py[line:159] - INFO: Training:	  accuracy：0.026538 | Loss: 0.000490
2020-12-26 21:38:12,891 - D:/PyCharm 2019.3.2/risk/run.py[line:160] - INFO: Evaluating:	 accuracy：0.018805 | Loss: 0.000254
2020-12-26 21:38:12,891 - D:/PyCharm 2019.3.2/risk/run.py[line:161] - INFO: 
2020-12-26 21:38:12,891 - D:/PyCharm 2019.3.2/risk/run.py[line:127] - INFO: ====================================================================================================
2020-12-26 21:38:15,388 - D:/PyCharm 2019.3.2/risk/run.py[line:159] - INFO: Training:	  accuracy：0.028738 | Loss: 0.000546
2020-12-26 21:38:15,389 - D:/PyCharm 2019.3.2/risk/run.py[line:160] - INFO: Evaluating:	 accuracy：0.034834 | Loss: 0.000719
2020-12-26 21:38:15,389 - D:/PyCharm 2019.3.2/risk/run.py[line:161] - INFO: 
2020-12-26 21:38:15,389 - D:/PyCharm 2019.3.2/risk/run.py[line:127] - INFO: ====================================================================================================
2020-12-26 21:38:17,930 - D:/PyCharm 2019.3.2/risk/run.py[line:159] - INFO: Training:	  accuracy：0.028345 | Loss: 0.000518
2020-12-26 21:38:17,931 - D:/PyCharm 2019.3.2/risk/run.py[line:160] - INFO: Evaluating:	 accuracy：0.018022 | Loss: 0.000240
2020-12-26 21:38:17,931 - D:/PyCharm 2019.3.2/risk/run.py[line:161] - INFO: 
2020-12-26 21:38:17,931 - D:/PyCharm 2019.3.2/risk/run.py[line:127] - INFO: ====================================================================================================
2020-12-26 21:38:20,381 - D:/PyCharm 2019.3.2/risk/run.py[line:159] - INFO: Training:	  accuracy：0.028534 | Loss: 0.000554
2020-12-26 21:38:20,381 - D:/PyCharm 2019.3.2/risk/run.py[line:160] - INFO: Evaluating:	 accuracy：0.029745 | Loss: 0.000663
2020-12-26 21:38:20,381 - D:/PyCharm 2019.3.2/risk/run.py[line:161] - INFO: 
2020-12-26 21:38:20,381 - D:/PyCharm 2019.3.2/risk/run.py[line:127] - INFO: ====================================================================================================
2020-12-26 21:38:22,839 - D:/PyCharm 2019.3.2/risk/run.py[line:159] - INFO: Training:	  accuracy：0.026346 | Loss: 0.000460
2020-12-26 21:38:22,839 - D:/PyCharm 2019.3.2/risk/run.py[line:160] - INFO: Evaluating:	 accuracy：0.017953 | Loss: 0.000259
2020-12-26 21:38:22,839 - D:/PyCharm 2019.3.2/risk/run.py[line:161] - INFO: 
2020-12-26 21:38:22,839 - D:/PyCharm 2019.3.2/risk/run.py[line:127] - INFO: ====================================================================================================
2020-12-26 21:38:25,566 - D:/PyCharm 2019.3.2/risk/run.py[line:159] - INFO: Training:	  accuracy：0.030232 | Loss: 0.000608
2020-12-26 21:38:25,567 - D:/PyCharm 2019.3.2/risk/run.py[line:160] - INFO: Evaluating:	 accuracy：0.020470 | Loss: 0.000348
2020-12-26 21:38:25,567 - D:/PyCharm 2019.3.2/risk/run.py[line:161] - INFO: 
2020-12-26 21:38:25,571 - D:/PyCharm 2019.3.2/risk/run.py[line:193] - INFO: seq_len= 60|  batch_size= 10 | test_size=20 after info: Loss(RMSE): nan  Accuracy: nan
2020-12-26 22:00:32,177 - D:/PyCharm 2019.3.2/risk/run.py[line:137] - INFO: ====================================================================================================
2020-12-26 22:00:35,043 - D:/PyCharm 2019.3.2/risk/run.py[line:169] - INFO: Training:	  accuracy：0.051941 | Loss: 0.003045
2020-12-26 22:00:35,044 - D:/PyCharm 2019.3.2/risk/run.py[line:170] - INFO: Evaluating:	 accuracy：0.018190 | Loss: 0.000249
2020-12-26 22:00:35,044 - D:/PyCharm 2019.3.2/risk/run.py[line:171] - INFO: 
2020-12-26 22:00:35,044 - D:/PyCharm 2019.3.2/risk/run.py[line:137] - INFO: ====================================================================================================
2020-12-26 22:00:37,537 - D:/PyCharm 2019.3.2/risk/run.py[line:169] - INFO: Training:	  accuracy：0.030067 | Loss: 0.000605
2020-12-26 22:00:37,537 - D:/PyCharm 2019.3.2/risk/run.py[line:170] - INFO: Evaluating:	 accuracy：0.041745 | Loss: 0.000833
2020-12-26 22:00:37,537 - D:/PyCharm 2019.3.2/risk/run.py[line:171] - INFO: 
2020-12-26 22:00:37,538 - D:/PyCharm 2019.3.2/risk/run.py[line:137] - INFO: ====================================================================================================
2020-12-26 22:00:40,005 - D:/PyCharm 2019.3.2/risk/run.py[line:169] - INFO: Training:	  accuracy：0.033700 | Loss: 0.000716
2020-12-26 22:00:40,006 - D:/PyCharm 2019.3.2/risk/run.py[line:170] - INFO: Evaluating:	 accuracy：0.049815 | Loss: 0.001218
2020-12-26 22:00:40,006 - D:/PyCharm 2019.3.2/risk/run.py[line:171] - INFO: 
2020-12-26 22:00:40,006 - D:/PyCharm 2019.3.2/risk/run.py[line:137] - INFO: ====================================================================================================
2020-12-26 22:00:42,480 - D:/PyCharm 2019.3.2/risk/run.py[line:169] - INFO: Training:	  accuracy：0.031960 | Loss: 0.000728
2020-12-26 22:00:42,481 - D:/PyCharm 2019.3.2/risk/run.py[line:170] - INFO: Evaluating:	 accuracy：0.037784 | Loss: 0.001020
2020-12-26 22:00:42,481 - D:/PyCharm 2019.3.2/risk/run.py[line:171] - INFO: 
2020-12-26 22:00:42,481 - D:/PyCharm 2019.3.2/risk/run.py[line:137] - INFO: ====================================================================================================
2020-12-26 22:00:44,959 - D:/PyCharm 2019.3.2/risk/run.py[line:169] - INFO: Training:	  accuracy：0.030471 | Loss: 0.000690
2020-12-26 22:00:44,959 - D:/PyCharm 2019.3.2/risk/run.py[line:170] - INFO: Evaluating:	 accuracy：0.017428 | Loss: 0.000236
2020-12-26 22:00:44,959 - D:/PyCharm 2019.3.2/risk/run.py[line:171] - INFO: 
2020-12-26 22:00:44,959 - D:/PyCharm 2019.3.2/risk/run.py[line:137] - INFO: ====================================================================================================
2020-12-26 22:00:47,508 - D:/PyCharm 2019.3.2/risk/run.py[line:169] - INFO: Training:	  accuracy：0.026242 | Loss: 0.000500
2020-12-26 22:00:47,508 - D:/PyCharm 2019.3.2/risk/run.py[line:170] - INFO: Evaluating:	 accuracy：0.020821 | Loss: 0.000283
2020-12-26 22:00:47,508 - D:/PyCharm 2019.3.2/risk/run.py[line:171] - INFO: 
2020-12-26 22:00:47,508 - D:/PyCharm 2019.3.2/risk/run.py[line:137] - INFO: ====================================================================================================
2020-12-26 22:00:50,044 - D:/PyCharm 2019.3.2/risk/run.py[line:169] - INFO: Training:	  accuracy：0.029213 | Loss: 0.000567
2020-12-26 22:00:50,044 - D:/PyCharm 2019.3.2/risk/run.py[line:170] - INFO: Evaluating:	 accuracy：0.018624 | Loss: 0.000226
2020-12-26 22:00:50,044 - D:/PyCharm 2019.3.2/risk/run.py[line:171] - INFO: 
2020-12-26 22:00:50,044 - D:/PyCharm 2019.3.2/risk/run.py[line:137] - INFO: ====================================================================================================
2020-12-26 22:00:52,611 - D:/PyCharm 2019.3.2/risk/run.py[line:169] - INFO: Training:	  accuracy：0.027726 | Loss: 0.000553
2020-12-26 22:00:52,611 - D:/PyCharm 2019.3.2/risk/run.py[line:170] - INFO: Evaluating:	 accuracy：0.017101 | Loss: 0.000229
2020-12-26 22:00:52,611 - D:/PyCharm 2019.3.2/risk/run.py[line:171] - INFO: 
2020-12-26 22:00:52,611 - D:/PyCharm 2019.3.2/risk/run.py[line:137] - INFO: ====================================================================================================
2020-12-26 22:00:55,120 - D:/PyCharm 2019.3.2/risk/run.py[line:169] - INFO: Training:	  accuracy：0.024754 | Loss: 0.000421
2020-12-26 22:00:55,121 - D:/PyCharm 2019.3.2/risk/run.py[line:170] - INFO: Evaluating:	 accuracy：0.033844 | Loss: 0.000962
2020-12-26 22:00:55,121 - D:/PyCharm 2019.3.2/risk/run.py[line:171] - INFO: 
2020-12-26 22:00:55,121 - D:/PyCharm 2019.3.2/risk/run.py[line:137] - INFO: ====================================================================================================
2020-12-26 22:00:57,638 - D:/PyCharm 2019.3.2/risk/run.py[line:169] - INFO: Training:	  accuracy：0.025860 | Loss: 0.000458
2020-12-26 22:00:57,639 - D:/PyCharm 2019.3.2/risk/run.py[line:170] - INFO: Evaluating:	 accuracy：0.016298 | Loss: 0.000216
2020-12-26 22:00:57,639 - D:/PyCharm 2019.3.2/risk/run.py[line:171] - INFO: 
2020-12-26 22:00:57,656 - D:/PyCharm 2019.3.2/risk/run.py[line:203] - INFO: seq_len= 60|  batch_size= 10 | test_size=20 after info: Loss(RMSE): 83.209  Accuracy: 0.025395
2020-12-26 22:32:52,588 - D:/PyCharm 2019.3.2/risk/run.py[line:137] - INFO: ====================================================================================================
2020-12-26 22:32:55,327 - D:/PyCharm 2019.3.2/risk/run.py[line:169] - INFO: Training:	  accuracy：0.053776 | Loss: 0.002891
2020-12-26 22:32:55,327 - D:/PyCharm 2019.3.2/risk/run.py[line:170] - INFO: Evaluating:	 accuracy：0.036242 | Loss: 0.000539
2020-12-26 22:32:55,327 - D:/PyCharm 2019.3.2/risk/run.py[line:171] - INFO: 
2020-12-26 22:32:55,327 - D:/PyCharm 2019.3.2/risk/run.py[line:137] - INFO: ====================================================================================================
2020-12-26 22:32:57,739 - D:/PyCharm 2019.3.2/risk/run.py[line:169] - INFO: Training:	  accuracy：0.036883 | Loss: 0.000869
2020-12-26 22:32:57,739 - D:/PyCharm 2019.3.2/risk/run.py[line:170] - INFO: Evaluating:	 accuracy：0.021340 | Loss: 0.000406
2020-12-26 22:32:57,740 - D:/PyCharm 2019.3.2/risk/run.py[line:171] - INFO: 
2020-12-26 22:32:57,740 - D:/PyCharm 2019.3.2/risk/run.py[line:137] - INFO: ====================================================================================================
2020-12-26 22:33:00,176 - D:/PyCharm 2019.3.2/risk/run.py[line:169] - INFO: Training:	  accuracy：0.034826 | Loss: 0.000829
2020-12-26 22:33:00,176 - D:/PyCharm 2019.3.2/risk/run.py[line:170] - INFO: Evaluating:	 accuracy：0.043905 | Loss: 0.000858
2020-12-26 22:33:00,176 - D:/PyCharm 2019.3.2/risk/run.py[line:171] - INFO: 
2020-12-26 22:33:00,176 - D:/PyCharm 2019.3.2/risk/run.py[line:137] - INFO: ====================================================================================================
2020-12-26 22:33:02,638 - D:/PyCharm 2019.3.2/risk/run.py[line:169] - INFO: Training:	  accuracy：0.033227 | Loss: 0.000744
2020-12-26 22:33:02,638 - D:/PyCharm 2019.3.2/risk/run.py[line:170] - INFO: Evaluating:	 accuracy：0.028427 | Loss: 0.000537
2020-12-26 22:33:02,638 - D:/PyCharm 2019.3.2/risk/run.py[line:171] - INFO: 
2020-12-26 22:33:02,638 - D:/PyCharm 2019.3.2/risk/run.py[line:137] - INFO: ====================================================================================================
2020-12-26 22:33:05,096 - D:/PyCharm 2019.3.2/risk/run.py[line:169] - INFO: Training:	  accuracy：0.031670 | Loss: 0.000689
2020-12-26 22:33:05,096 - D:/PyCharm 2019.3.2/risk/run.py[line:170] - INFO: Evaluating:	 accuracy：0.032025 | Loss: 0.000378
2020-12-26 22:33:05,097 - D:/PyCharm 2019.3.2/risk/run.py[line:171] - INFO: 
2020-12-26 22:33:05,097 - D:/PyCharm 2019.3.2/risk/run.py[line:137] - INFO: ====================================================================================================
2020-12-26 22:33:07,550 - D:/PyCharm 2019.3.2/risk/run.py[line:169] - INFO: Training:	  accuracy：0.031297 | Loss: 0.000712
2020-12-26 22:33:07,550 - D:/PyCharm 2019.3.2/risk/run.py[line:170] - INFO: Evaluating:	 accuracy：0.049422 | Loss: 0.001435
2020-12-26 22:33:07,550 - D:/PyCharm 2019.3.2/risk/run.py[line:171] - INFO: 
2020-12-26 22:33:07,550 - D:/PyCharm 2019.3.2/risk/run.py[line:137] - INFO: ====================================================================================================
2020-12-26 22:33:09,995 - D:/PyCharm 2019.3.2/risk/run.py[line:169] - INFO: Training:	  accuracy：0.030124 | Loss: 0.000642
2020-12-26 22:33:09,995 - D:/PyCharm 2019.3.2/risk/run.py[line:170] - INFO: Evaluating:	 accuracy：0.027175 | Loss: 0.000442
2020-12-26 22:33:09,995 - D:/PyCharm 2019.3.2/risk/run.py[line:171] - INFO: 
2020-12-26 22:33:09,995 - D:/PyCharm 2019.3.2/risk/run.py[line:137] - INFO: ====================================================================================================
2020-12-26 22:33:12,436 - D:/PyCharm 2019.3.2/risk/run.py[line:169] - INFO: Training:	  accuracy：0.029502 | Loss: 0.000611
2020-12-26 22:33:12,436 - D:/PyCharm 2019.3.2/risk/run.py[line:170] - INFO: Evaluating:	 accuracy：0.021844 | Loss: 0.000252
2020-12-26 22:33:12,436 - D:/PyCharm 2019.3.2/risk/run.py[line:171] - INFO: 
2020-12-26 22:33:12,449 - D:/PyCharm 2019.3.2/risk/run.py[line:203] - INFO: seq_len= 60|  batch_size= 10 | test_size=20 |lr=0.00500 after info: Loss(RMSE): 71.687  Accuracy: 0.021852
2020-12-26 22:33:53,041 - D:/PyCharm 2019.3.2/risk/run.py[line:137] - INFO: ====================================================================================================
2020-12-26 22:33:55,755 - D:/PyCharm 2019.3.2/risk/run.py[line:169] - INFO: Training:	  accuracy：0.081197 | Loss: 0.006648
2020-12-26 22:33:55,755 - D:/PyCharm 2019.3.2/risk/run.py[line:170] - INFO: Evaluating:	 accuracy：0.024608 | Loss: 0.000448
2020-12-26 22:33:55,755 - D:/PyCharm 2019.3.2/risk/run.py[line:171] - INFO: 
2020-12-26 22:33:55,755 - D:/PyCharm 2019.3.2/risk/run.py[line:137] - INFO: ====================================================================================================
2020-12-26 22:33:58,209 - D:/PyCharm 2019.3.2/risk/run.py[line:169] - INFO: Training:	  accuracy：0.035070 | Loss: 0.000798
2020-12-26 22:33:58,209 - D:/PyCharm 2019.3.2/risk/run.py[line:170] - INFO: Evaluating:	 accuracy：0.019568 | Loss: 0.000316
2020-12-26 22:33:58,209 - D:/PyCharm 2019.3.2/risk/run.py[line:171] - INFO: 
2020-12-26 22:33:58,209 - D:/PyCharm 2019.3.2/risk/run.py[line:137] - INFO: ====================================================================================================
2020-12-26 22:34:01,154 - D:/PyCharm 2019.3.2/risk/run.py[line:169] - INFO: Training:	  accuracy：0.032194 | Loss: 0.000667
2020-12-26 22:34:01,155 - D:/PyCharm 2019.3.2/risk/run.py[line:170] - INFO: Evaluating:	 accuracy：0.020878 | Loss: 0.000340
2020-12-26 22:34:01,155 - D:/PyCharm 2019.3.2/risk/run.py[line:171] - INFO: 
2020-12-26 22:34:01,155 - D:/PyCharm 2019.3.2/risk/run.py[line:137] - INFO: ====================================================================================================
2020-12-26 22:34:03,612 - D:/PyCharm 2019.3.2/risk/run.py[line:169] - INFO: Training:	  accuracy：0.030271 | Loss: 0.000582
2020-12-26 22:34:03,612 - D:/PyCharm 2019.3.2/risk/run.py[line:170] - INFO: Evaluating:	 accuracy：0.019795 | Loss: 0.000272
2020-12-26 22:34:03,612 - D:/PyCharm 2019.3.2/risk/run.py[line:171] - INFO: 
2020-12-26 22:34:03,612 - D:/PyCharm 2019.3.2/risk/run.py[line:137] - INFO: ====================================================================================================
2020-12-26 22:34:06,078 - D:/PyCharm 2019.3.2/risk/run.py[line:169] - INFO: Training:	  accuracy：0.029074 | Loss: 0.000596
2020-12-26 22:34:06,078 - D:/PyCharm 2019.3.2/risk/run.py[line:170] - INFO: Evaluating:	 accuracy：0.020199 | Loss: 0.000330
2020-12-26 22:34:06,078 - D:/PyCharm 2019.3.2/risk/run.py[line:171] - INFO: 
2020-12-26 22:34:06,078 - D:/PyCharm 2019.3.2/risk/run.py[line:137] - INFO: ====================================================================================================
2020-12-26 22:34:09,212 - D:/PyCharm 2019.3.2/risk/run.py[line:169] - INFO: Training:	  accuracy：0.028260 | Loss: 0.000577
2020-12-26 22:34:09,212 - D:/PyCharm 2019.3.2/risk/run.py[line:170] - INFO: Evaluating:	 accuracy：0.017669 | Loss: 0.000252
2020-12-26 22:34:09,212 - D:/PyCharm 2019.3.2/risk/run.py[line:171] - INFO: 
2020-12-26 22:34:09,212 - D:/PyCharm 2019.3.2/risk/run.py[line:137] - INFO: ====================================================================================================
2020-12-26 22:34:11,860 - D:/PyCharm 2019.3.2/risk/run.py[line:169] - INFO: Training:	  accuracy：0.028517 | Loss: 0.000550
2020-12-26 22:34:11,860 - D:/PyCharm 2019.3.2/risk/run.py[line:170] - INFO: Evaluating:	 accuracy：0.018428 | Loss: 0.000257
2020-12-26 22:34:11,860 - D:/PyCharm 2019.3.2/risk/run.py[line:171] - INFO: 
2020-12-26 22:34:11,860 - D:/PyCharm 2019.3.2/risk/run.py[line:137] - INFO: ====================================================================================================
2020-12-26 22:34:14,882 - D:/PyCharm 2019.3.2/risk/run.py[line:169] - INFO: Training:	  accuracy：0.028800 | Loss: 0.000611
2020-12-26 22:34:14,883 - D:/PyCharm 2019.3.2/risk/run.py[line:170] - INFO: Evaluating:	 accuracy：0.026697 | Loss: 0.000326
2020-12-26 22:34:14,883 - D:/PyCharm 2019.3.2/risk/run.py[line:171] - INFO: 
2020-12-26 22:34:14,898 - D:/PyCharm 2019.3.2/risk/run.py[line:203] - INFO: seq_len= 60|  batch_size= 10 | test_size=20 |lr=0.00100 after info: Loss(RMSE): 41.792  Accuracy: 0.011819
