2020-12-19 23:29:51,716 - D:/PyCharm 2019.3.2/risk/run.py[line:112] - INFO: ====================================================================================================
2020-12-19 23:29:52,632 - D:/PyCharm 2019.3.2/risk/run.py[line:143] - INFO: Training:	  Loss: 0.007
2020-12-19 23:29:52,632 - D:/PyCharm 2019.3.2/risk/run.py[line:144] - INFO: Evaluating:	 Loss: 0.000
2020-12-19 23:29:52,633 - D:/PyCharm 2019.3.2/risk/run.py[line:145] - INFO: 
2020-12-19 23:29:52,633 - D:/PyCharm 2019.3.2/risk/run.py[line:112] - INFO: ====================================================================================================
2020-12-19 23:29:53,154 - D:/PyCharm 2019.3.2/risk/run.py[line:143] - INFO: Training:	  Loss: 0.001
2020-12-19 23:29:53,155 - D:/PyCharm 2019.3.2/risk/run.py[line:144] - INFO: Evaluating:	 Loss: 0.000
2020-12-19 23:29:53,155 - D:/PyCharm 2019.3.2/risk/run.py[line:145] - INFO: 
2020-12-19 23:29:53,155 - D:/PyCharm 2019.3.2/risk/run.py[line:112] - INFO: ====================================================================================================
2020-12-19 23:29:53,628 - D:/PyCharm 2019.3.2/risk/run.py[line:143] - INFO: Training:	  Loss: 0.001
2020-12-19 23:29:53,629 - D:/PyCharm 2019.3.2/risk/run.py[line:144] - INFO: Evaluating:	 Loss: 0.000
2020-12-19 23:29:53,629 - D:/PyCharm 2019.3.2/risk/run.py[line:145] - INFO: 
2020-12-19 23:29:53,629 - D:/PyCharm 2019.3.2/risk/run.py[line:112] - INFO: ====================================================================================================
2020-12-19 23:29:54,176 - D:/PyCharm 2019.3.2/risk/run.py[line:143] - INFO: Training:	  Loss: 0.000
2020-12-19 23:29:54,176 - D:/PyCharm 2019.3.2/risk/run.py[line:144] - INFO: Evaluating:	 Loss: 0.000
2020-12-19 23:29:54,176 - D:/PyCharm 2019.3.2/risk/run.py[line:145] - INFO: 
2020-12-19 23:29:54,176 - D:/PyCharm 2019.3.2/risk/run.py[line:112] - INFO: ====================================================================================================
2020-12-19 23:29:54,726 - D:/PyCharm 2019.3.2/risk/run.py[line:143] - INFO: Training:	  Loss: 0.000
2020-12-19 23:29:54,726 - D:/PyCharm 2019.3.2/risk/run.py[line:144] - INFO: Evaluating:	 Loss: 0.000
2020-12-19 23:29:54,726 - D:/PyCharm 2019.3.2/risk/run.py[line:145] - INFO: 
2020-12-19 23:29:54,727 - D:/PyCharm 2019.3.2/risk/run.py[line:112] - INFO: ====================================================================================================
2020-12-19 23:29:55,276 - D:/PyCharm 2019.3.2/risk/run.py[line:143] - INFO: Training:	  Loss: 0.001
2020-12-19 23:29:55,276 - D:/PyCharm 2019.3.2/risk/run.py[line:144] - INFO: Evaluating:	 Loss: 0.000
2020-12-19 23:29:55,277 - D:/PyCharm 2019.3.2/risk/run.py[line:145] - INFO: 
2020-12-19 23:29:55,277 - D:/PyCharm 2019.3.2/risk/run.py[line:112] - INFO: ====================================================================================================
2020-12-19 23:29:55,842 - D:/PyCharm 2019.3.2/risk/run.py[line:143] - INFO: Training:	  Loss: 0.001
2020-12-19 23:29:55,842 - D:/PyCharm 2019.3.2/risk/run.py[line:144] - INFO: Evaluating:	 Loss: 0.000
2020-12-19 23:29:55,843 - D:/PyCharm 2019.3.2/risk/run.py[line:145] - INFO: 
2020-12-19 23:29:55,843 - D:/PyCharm 2019.3.2/risk/run.py[line:112] - INFO: ====================================================================================================
2020-12-19 23:29:56,411 - D:/PyCharm 2019.3.2/risk/run.py[line:143] - INFO: Training:	  Loss: 0.000
2020-12-19 23:29:56,411 - D:/PyCharm 2019.3.2/risk/run.py[line:144] - INFO: Evaluating:	 Loss: 0.000
2020-12-19 23:29:56,411 - D:/PyCharm 2019.3.2/risk/run.py[line:145] - INFO: 
2020-12-19 23:30:02,851 - D:/PyCharm 2019.3.2/risk/run.py[line:174] - INFO: seq_len=  5|  after info: Loss: 5691.748
2020-12-19 23:32:04,938 - D:/PyCharm 2019.3.2/risk/run.py[line:112] - INFO: ====================================================================================================
2020-12-19 23:32:11,331 - D:/PyCharm 2019.3.2/risk/run.py[line:143] - INFO: Training:	  Loss: 0.006795
2020-12-19 23:32:11,331 - D:/PyCharm 2019.3.2/risk/run.py[line:144] - INFO: Evaluating:	 Loss: 0.000195
2020-12-19 23:32:11,332 - D:/PyCharm 2019.3.2/risk/run.py[line:145] - INFO: 
2020-12-19 23:32:11,332 - D:/PyCharm 2019.3.2/risk/run.py[line:112] - INFO: ====================================================================================================
2020-12-19 23:32:11,831 - D:/PyCharm 2019.3.2/risk/run.py[line:143] - INFO: Training:	  Loss: 0.000665
2020-12-19 23:32:11,831 - D:/PyCharm 2019.3.2/risk/run.py[line:144] - INFO: Evaluating:	 Loss: 0.000185
2020-12-19 23:32:11,831 - D:/PyCharm 2019.3.2/risk/run.py[line:145] - INFO: 
2020-12-19 23:32:11,831 - D:/PyCharm 2019.3.2/risk/run.py[line:112] - INFO: ====================================================================================================
2020-12-19 23:32:12,324 - D:/PyCharm 2019.3.2/risk/run.py[line:143] - INFO: Training:	  Loss: 0.000600
2020-12-19 23:32:12,325 - D:/PyCharm 2019.3.2/risk/run.py[line:144] - INFO: Evaluating:	 Loss: 0.000191
2020-12-19 23:32:12,325 - D:/PyCharm 2019.3.2/risk/run.py[line:145] - INFO: 
2020-12-19 23:32:12,325 - D:/PyCharm 2019.3.2/risk/run.py[line:112] - INFO: ====================================================================================================
2020-12-19 23:32:12,822 - D:/PyCharm 2019.3.2/risk/run.py[line:143] - INFO: Training:	  Loss: 0.000493
2020-12-19 23:32:12,822 - D:/PyCharm 2019.3.2/risk/run.py[line:144] - INFO: Evaluating:	 Loss: 0.000182
2020-12-19 23:32:12,823 - D:/PyCharm 2019.3.2/risk/run.py[line:145] - INFO: 
2020-12-19 23:32:12,823 - D:/PyCharm 2019.3.2/risk/run.py[line:112] - INFO: ====================================================================================================
2020-12-19 23:32:13,325 - D:/PyCharm 2019.3.2/risk/run.py[line:143] - INFO: Training:	  Loss: 0.000561
2020-12-19 23:32:14,239 - D:/PyCharm 2019.3.2/risk/run.py[line:144] - INFO: Evaluating:	 Loss: 0.000618
2020-12-19 23:32:14,240 - D:/PyCharm 2019.3.2/risk/run.py[line:145] - INFO: 
2020-12-19 23:32:14,240 - D:/PyCharm 2019.3.2/risk/run.py[line:112] - INFO: ====================================================================================================
2020-12-19 23:32:14,710 - D:/PyCharm 2019.3.2/risk/run.py[line:143] - INFO: Training:	  Loss: 0.000490
2020-12-19 23:32:14,711 - D:/PyCharm 2019.3.2/risk/run.py[line:144] - INFO: Evaluating:	 Loss: 0.000211
2020-12-19 23:32:14,711 - D:/PyCharm 2019.3.2/risk/run.py[line:145] - INFO: 
2020-12-19 23:32:14,711 - D:/PyCharm 2019.3.2/risk/run.py[line:112] - INFO: ====================================================================================================
2020-12-19 23:32:15,130 - D:/PyCharm 2019.3.2/risk/run.py[line:143] - INFO: Training:	  Loss: 0.000523
2020-12-19 23:32:15,131 - D:/PyCharm 2019.3.2/risk/run.py[line:144] - INFO: Evaluating:	 Loss: 0.000221
2020-12-19 23:32:15,131 - D:/PyCharm 2019.3.2/risk/run.py[line:145] - INFO: 
2020-12-19 23:32:15,131 - D:/PyCharm 2019.3.2/risk/run.py[line:112] - INFO: ====================================================================================================
2020-12-19 23:32:15,559 - D:/PyCharm 2019.3.2/risk/run.py[line:143] - INFO: Training:	  Loss: 0.000455
2020-12-19 23:32:15,559 - D:/PyCharm 2019.3.2/risk/run.py[line:144] - INFO: Evaluating:	 Loss: 0.000248
2020-12-19 23:32:15,559 - D:/PyCharm 2019.3.2/risk/run.py[line:145] - INFO: 
2020-12-19 23:32:26,836 - D:/PyCharm 2019.3.2/risk/run.py[line:174] - INFO: seq_len=  5|  after info: Loss: 6261.258
2020-12-19 23:33:27,575 - D:/PyCharm 2019.3.2/risk/run.py[line:112] - INFO: ====================================================================================================
2020-12-19 23:35:42,110 - D:/PyCharm 2019.3.2/risk/run.py[line:112] - INFO: ====================================================================================================
2020-12-19 23:35:45,875 - D:/PyCharm 2019.3.2/risk/run.py[line:143] - INFO: Training:	  Loss: 0.005940
2020-12-19 23:35:45,875 - D:/PyCharm 2019.3.2/risk/run.py[line:144] - INFO: Evaluating:	 Loss: 0.000224
2020-12-19 23:35:45,875 - D:/PyCharm 2019.3.2/risk/run.py[line:145] - INFO: 
2020-12-19 23:35:45,875 - D:/PyCharm 2019.3.2/risk/run.py[line:112] - INFO: ====================================================================================================
2020-12-19 23:35:46,425 - D:/PyCharm 2019.3.2/risk/run.py[line:143] - INFO: Training:	  Loss: 0.000611
2020-12-19 23:35:46,426 - D:/PyCharm 2019.3.2/risk/run.py[line:144] - INFO: Evaluating:	 Loss: 0.000320
2020-12-19 23:35:46,426 - D:/PyCharm 2019.3.2/risk/run.py[line:145] - INFO: 
2020-12-19 23:35:46,426 - D:/PyCharm 2019.3.2/risk/run.py[line:112] - INFO: ====================================================================================================
2020-12-19 23:35:46,984 - D:/PyCharm 2019.3.2/risk/run.py[line:143] - INFO: Training:	  Loss: 0.000539
2020-12-19 23:35:46,985 - D:/PyCharm 2019.3.2/risk/run.py[line:144] - INFO: Evaluating:	 Loss: 0.000190
2020-12-19 23:35:46,985 - D:/PyCharm 2019.3.2/risk/run.py[line:145] - INFO: 
2020-12-19 23:35:46,985 - D:/PyCharm 2019.3.2/risk/run.py[line:112] - INFO: ====================================================================================================
2020-12-19 23:35:47,505 - D:/PyCharm 2019.3.2/risk/run.py[line:143] - INFO: Training:	  Loss: 0.000527
2020-12-19 23:35:47,506 - D:/PyCharm 2019.3.2/risk/run.py[line:144] - INFO: Evaluating:	 Loss: 0.000178
2020-12-19 23:35:47,506 - D:/PyCharm 2019.3.2/risk/run.py[line:145] - INFO: 
2020-12-19 23:35:47,506 - D:/PyCharm 2019.3.2/risk/run.py[line:112] - INFO: ====================================================================================================
2020-12-19 23:35:48,091 - D:/PyCharm 2019.3.2/risk/run.py[line:143] - INFO: Training:	  Loss: 0.000455
2020-12-19 23:35:48,092 - D:/PyCharm 2019.3.2/risk/run.py[line:144] - INFO: Evaluating:	 Loss: 0.000356
2020-12-19 23:35:48,092 - D:/PyCharm 2019.3.2/risk/run.py[line:145] - INFO: 
2020-12-19 23:35:48,092 - D:/PyCharm 2019.3.2/risk/run.py[line:112] - INFO: ====================================================================================================
2020-12-19 23:35:48,683 - D:/PyCharm 2019.3.2/risk/run.py[line:143] - INFO: Training:	  Loss: 0.000447
2020-12-19 23:35:48,684 - D:/PyCharm 2019.3.2/risk/run.py[line:144] - INFO: Evaluating:	 Loss: 0.000203
2020-12-19 23:35:48,684 - D:/PyCharm 2019.3.2/risk/run.py[line:145] - INFO: 
2020-12-19 23:35:48,684 - D:/PyCharm 2019.3.2/risk/run.py[line:112] - INFO: ====================================================================================================
2020-12-19 23:35:49,208 - D:/PyCharm 2019.3.2/risk/run.py[line:143] - INFO: Training:	  Loss: 0.000503
2020-12-19 23:35:49,208 - D:/PyCharm 2019.3.2/risk/run.py[line:144] - INFO: Evaluating:	 Loss: 0.000487
2020-12-19 23:35:49,209 - D:/PyCharm 2019.3.2/risk/run.py[line:145] - INFO: 
2020-12-19 23:35:49,209 - D:/PyCharm 2019.3.2/risk/run.py[line:112] - INFO: ====================================================================================================
2020-12-19 23:35:49,755 - D:/PyCharm 2019.3.2/risk/run.py[line:143] - INFO: Training:	  Loss: 0.000518
2020-12-19 23:35:49,756 - D:/PyCharm 2019.3.2/risk/run.py[line:144] - INFO: Evaluating:	 Loss: 0.000490
2020-12-19 23:35:49,756 - D:/PyCharm 2019.3.2/risk/run.py[line:145] - INFO: 
2020-12-19 23:35:55,150 - D:/PyCharm 2019.3.2/risk/run.py[line:174] - INFO: seq_len= 20|  after info: Loss: 7977.805
2020-12-19 23:37:54,146 - D:/PyCharm 2019.3.2/risk/run.py[line:112] - INFO: ====================================================================================================
2020-12-19 23:37:57,462 - D:/PyCharm 2019.3.2/risk/run.py[line:143] - INFO: Training:	  Loss: 0.006362
2020-12-19 23:37:57,462 - D:/PyCharm 2019.3.2/risk/run.py[line:144] - INFO: Evaluating:	 Loss: 0.000208
2020-12-19 23:37:57,463 - D:/PyCharm 2019.3.2/risk/run.py[line:145] - INFO: 
2020-12-19 23:37:57,463 - D:/PyCharm 2019.3.2/risk/run.py[line:112] - INFO: ====================================================================================================
2020-12-19 23:37:57,878 - D:/PyCharm 2019.3.2/risk/run.py[line:143] - INFO: Training:	  Loss: 0.000660
2020-12-19 23:37:57,878 - D:/PyCharm 2019.3.2/risk/run.py[line:144] - INFO: Evaluating:	 Loss: 0.000241
2020-12-19 23:37:57,878 - D:/PyCharm 2019.3.2/risk/run.py[line:145] - INFO: 
2020-12-19 23:37:57,878 - D:/PyCharm 2019.3.2/risk/run.py[line:112] - INFO: ====================================================================================================
2020-12-19 23:37:58,303 - D:/PyCharm 2019.3.2/risk/run.py[line:143] - INFO: Training:	  Loss: 0.000596
2020-12-19 23:37:58,304 - D:/PyCharm 2019.3.2/risk/run.py[line:144] - INFO: Evaluating:	 Loss: 0.000282
2020-12-19 23:37:58,304 - D:/PyCharm 2019.3.2/risk/run.py[line:145] - INFO: 
2020-12-19 23:37:58,304 - D:/PyCharm 2019.3.2/risk/run.py[line:112] - INFO: ====================================================================================================
2020-12-19 23:37:58,747 - D:/PyCharm 2019.3.2/risk/run.py[line:143] - INFO: Training:	  Loss: 0.000548
2020-12-19 23:37:58,747 - D:/PyCharm 2019.3.2/risk/run.py[line:144] - INFO: Evaluating:	 Loss: 0.000508
2020-12-19 23:37:58,748 - D:/PyCharm 2019.3.2/risk/run.py[line:145] - INFO: 
2020-12-19 23:37:58,748 - D:/PyCharm 2019.3.2/risk/run.py[line:112] - INFO: ====================================================================================================
2020-12-19 23:37:59,293 - D:/PyCharm 2019.3.2/risk/run.py[line:143] - INFO: Training:	  Loss: 0.000535
2020-12-19 23:37:59,294 - D:/PyCharm 2019.3.2/risk/run.py[line:144] - INFO: Evaluating:	 Loss: 0.000143
2020-12-19 23:37:59,294 - D:/PyCharm 2019.3.2/risk/run.py[line:145] - INFO: 
2020-12-19 23:37:59,294 - D:/PyCharm 2019.3.2/risk/run.py[line:112] - INFO: ====================================================================================================
2020-12-19 23:37:59,873 - D:/PyCharm 2019.3.2/risk/run.py[line:143] - INFO: Training:	  Loss: 0.000525
2020-12-19 23:37:59,873 - D:/PyCharm 2019.3.2/risk/run.py[line:144] - INFO: Evaluating:	 Loss: 0.000152
2020-12-19 23:37:59,873 - D:/PyCharm 2019.3.2/risk/run.py[line:145] - INFO: 
2020-12-19 23:37:59,873 - D:/PyCharm 2019.3.2/risk/run.py[line:112] - INFO: ====================================================================================================
2020-12-19 23:38:00,329 - D:/PyCharm 2019.3.2/risk/run.py[line:143] - INFO: Training:	  Loss: 0.000481
2020-12-19 23:38:00,329 - D:/PyCharm 2019.3.2/risk/run.py[line:144] - INFO: Evaluating:	 Loss: 0.000175
2020-12-19 23:38:00,329 - D:/PyCharm 2019.3.2/risk/run.py[line:145] - INFO: 
2020-12-19 23:38:00,329 - D:/PyCharm 2019.3.2/risk/run.py[line:112] - INFO: ====================================================================================================
2020-12-19 23:38:00,767 - D:/PyCharm 2019.3.2/risk/run.py[line:143] - INFO: Training:	  Loss: 0.000444
2020-12-19 23:38:00,768 - D:/PyCharm 2019.3.2/risk/run.py[line:144] - INFO: Evaluating:	 Loss: 0.000139
2020-12-19 23:38:00,768 - D:/PyCharm 2019.3.2/risk/run.py[line:145] - INFO: 
2020-12-19 23:38:00,768 - D:/PyCharm 2019.3.2/risk/run.py[line:112] - INFO: ====================================================================================================
2020-12-19 23:38:01,241 - D:/PyCharm 2019.3.2/risk/run.py[line:143] - INFO: Training:	  Loss: 0.000469
2020-12-19 23:38:01,241 - D:/PyCharm 2019.3.2/risk/run.py[line:144] - INFO: Evaluating:	 Loss: 0.000176
2020-12-19 23:38:01,241 - D:/PyCharm 2019.3.2/risk/run.py[line:145] - INFO: 
2020-12-19 23:38:01,241 - D:/PyCharm 2019.3.2/risk/run.py[line:112] - INFO: ====================================================================================================
2020-12-19 23:38:01,705 - D:/PyCharm 2019.3.2/risk/run.py[line:143] - INFO: Training:	  Loss: 0.000399
2020-12-19 23:38:01,705 - D:/PyCharm 2019.3.2/risk/run.py[line:144] - INFO: Evaluating:	 Loss: 0.000259
2020-12-19 23:38:01,705 - D:/PyCharm 2019.3.2/risk/run.py[line:145] - INFO: 
2020-12-19 23:38:01,705 - D:/PyCharm 2019.3.2/risk/run.py[line:112] - INFO: ====================================================================================================
2020-12-19 23:38:02,308 - D:/PyCharm 2019.3.2/risk/run.py[line:143] - INFO: Training:	  Loss: 0.000394
2020-12-19 23:38:02,309 - D:/PyCharm 2019.3.2/risk/run.py[line:144] - INFO: Evaluating:	 Loss: 0.000146
2020-12-19 23:38:02,309 - D:/PyCharm 2019.3.2/risk/run.py[line:145] - INFO: 
2020-12-19 23:38:02,309 - D:/PyCharm 2019.3.2/risk/run.py[line:112] - INFO: ====================================================================================================
2020-12-19 23:38:02,979 - D:/PyCharm 2019.3.2/risk/run.py[line:143] - INFO: Training:	  Loss: 0.000385
2020-12-19 23:38:02,979 - D:/PyCharm 2019.3.2/risk/run.py[line:144] - INFO: Evaluating:	 Loss: 0.000238
2020-12-19 23:38:02,979 - D:/PyCharm 2019.3.2/risk/run.py[line:145] - INFO: 
2020-12-19 23:38:02,979 - D:/PyCharm 2019.3.2/risk/run.py[line:112] - INFO: ====================================================================================================
2020-12-19 23:38:03,593 - D:/PyCharm 2019.3.2/risk/run.py[line:143] - INFO: Training:	  Loss: 0.000491
2020-12-19 23:38:03,593 - D:/PyCharm 2019.3.2/risk/run.py[line:144] - INFO: Evaluating:	 Loss: 0.000165
2020-12-19 23:38:03,593 - D:/PyCharm 2019.3.2/risk/run.py[line:145] - INFO: 
2020-12-19 23:38:03,593 - D:/PyCharm 2019.3.2/risk/run.py[line:112] - INFO: ====================================================================================================
2020-12-19 23:38:04,243 - D:/PyCharm 2019.3.2/risk/run.py[line:143] - INFO: Training:	  Loss: 0.000421
2020-12-19 23:38:04,243 - D:/PyCharm 2019.3.2/risk/run.py[line:144] - INFO: Evaluating:	 Loss: 0.000141
2020-12-19 23:38:04,244 - D:/PyCharm 2019.3.2/risk/run.py[line:145] - INFO: 
2020-12-19 23:38:04,244 - D:/PyCharm 2019.3.2/risk/run.py[line:112] - INFO: ====================================================================================================
2020-12-19 23:38:05,194 - D:/PyCharm 2019.3.2/risk/run.py[line:143] - INFO: Training:	  Loss: 0.000412
2020-12-19 23:38:05,194 - D:/PyCharm 2019.3.2/risk/run.py[line:144] - INFO: Evaluating:	 Loss: 0.000181
2020-12-19 23:38:05,195 - D:/PyCharm 2019.3.2/risk/run.py[line:145] - INFO: 
2020-12-19 23:38:05,195 - D:/PyCharm 2019.3.2/risk/run.py[line:112] - INFO: ====================================================================================================
2020-12-19 23:38:05,806 - D:/PyCharm 2019.3.2/risk/run.py[line:143] - INFO: Training:	  Loss: 0.000359
2020-12-19 23:38:05,806 - D:/PyCharm 2019.3.2/risk/run.py[line:144] - INFO: Evaluating:	 Loss: 0.000396
2020-12-19 23:38:05,806 - D:/PyCharm 2019.3.2/risk/run.py[line:145] - INFO: 
2020-12-19 23:38:05,806 - D:/PyCharm 2019.3.2/risk/run.py[line:112] - INFO: ====================================================================================================
2020-12-19 23:38:07,753 - D:/PyCharm 2019.3.2/risk/run.py[line:143] - INFO: Training:	  Loss: 0.000385
2020-12-19 23:38:07,754 - D:/PyCharm 2019.3.2/risk/run.py[line:144] - INFO: Evaluating:	 Loss: 0.000153
2020-12-19 23:38:07,754 - D:/PyCharm 2019.3.2/risk/run.py[line:145] - INFO: 
2020-12-19 23:38:07,754 - D:/PyCharm 2019.3.2/risk/run.py[line:112] - INFO: ====================================================================================================
2020-12-19 23:38:08,107 - D:/PyCharm 2019.3.2/risk/run.py[line:143] - INFO: Training:	  Loss: 0.000417
2020-12-19 23:38:08,107 - D:/PyCharm 2019.3.2/risk/run.py[line:144] - INFO: Evaluating:	 Loss: 0.000225
2020-12-19 23:38:08,107 - D:/PyCharm 2019.3.2/risk/run.py[line:145] - INFO: 
2020-12-19 23:38:08,107 - D:/PyCharm 2019.3.2/risk/run.py[line:112] - INFO: ====================================================================================================
2020-12-19 23:38:08,405 - D:/PyCharm 2019.3.2/risk/run.py[line:143] - INFO: Training:	  Loss: 0.000382
2020-12-19 23:38:08,405 - D:/PyCharm 2019.3.2/risk/run.py[line:144] - INFO: Evaluating:	 Loss: 0.000159
2020-12-19 23:38:08,405 - D:/PyCharm 2019.3.2/risk/run.py[line:145] - INFO: 
2020-12-19 23:38:08,405 - D:/PyCharm 2019.3.2/risk/run.py[line:112] - INFO: ====================================================================================================
2020-12-19 23:38:08,703 - D:/PyCharm 2019.3.2/risk/run.py[line:143] - INFO: Training:	  Loss: 0.000326
2020-12-19 23:38:08,703 - D:/PyCharm 2019.3.2/risk/run.py[line:144] - INFO: Evaluating:	 Loss: 0.000132
2020-12-19 23:38:08,703 - D:/PyCharm 2019.3.2/risk/run.py[line:145] - INFO: 
2020-12-19 23:38:08,703 - D:/PyCharm 2019.3.2/risk/run.py[line:112] - INFO: ====================================================================================================
2020-12-19 23:38:09,334 - D:/PyCharm 2019.3.2/risk/run.py[line:143] - INFO: Training:	  Loss: 0.000314
2020-12-19 23:38:09,334 - D:/PyCharm 2019.3.2/risk/run.py[line:144] - INFO: Evaluating:	 Loss: 0.000158
2020-12-19 23:38:09,334 - D:/PyCharm 2019.3.2/risk/run.py[line:145] - INFO: 
2020-12-19 23:38:09,334 - D:/PyCharm 2019.3.2/risk/run.py[line:112] - INFO: ====================================================================================================
2020-12-19 23:38:10,315 - D:/PyCharm 2019.3.2/risk/run.py[line:143] - INFO: Training:	  Loss: 0.000352
2020-12-19 23:38:10,315 - D:/PyCharm 2019.3.2/risk/run.py[line:144] - INFO: Evaluating:	 Loss: 0.000129
2020-12-19 23:38:10,316 - D:/PyCharm 2019.3.2/risk/run.py[line:145] - INFO: 
2020-12-19 23:38:10,316 - D:/PyCharm 2019.3.2/risk/run.py[line:112] - INFO: ====================================================================================================
2020-12-19 23:38:10,820 - D:/PyCharm 2019.3.2/risk/run.py[line:143] - INFO: Training:	  Loss: 0.000398
2020-12-19 23:38:10,820 - D:/PyCharm 2019.3.2/risk/run.py[line:144] - INFO: Evaluating:	 Loss: 0.000176
2020-12-19 23:38:10,820 - D:/PyCharm 2019.3.2/risk/run.py[line:145] - INFO: 
2020-12-19 23:38:10,820 - D:/PyCharm 2019.3.2/risk/run.py[line:112] - INFO: ====================================================================================================
2020-12-19 23:38:11,480 - D:/PyCharm 2019.3.2/risk/run.py[line:143] - INFO: Training:	  Loss: 0.000368
2020-12-19 23:38:11,480 - D:/PyCharm 2019.3.2/risk/run.py[line:144] - INFO: Evaluating:	 Loss: 0.000151
2020-12-19 23:38:11,481 - D:/PyCharm 2019.3.2/risk/run.py[line:145] - INFO: 
2020-12-19 23:38:11,481 - D:/PyCharm 2019.3.2/risk/run.py[line:112] - INFO: ====================================================================================================
2020-12-19 23:38:12,032 - D:/PyCharm 2019.3.2/risk/run.py[line:143] - INFO: Training:	  Loss: 0.000344
2020-12-19 23:38:12,033 - D:/PyCharm 2019.3.2/risk/run.py[line:144] - INFO: Evaluating:	 Loss: 0.000133
2020-12-19 23:38:12,033 - D:/PyCharm 2019.3.2/risk/run.py[line:145] - INFO: 
2020-12-19 23:38:12,033 - D:/PyCharm 2019.3.2/risk/run.py[line:112] - INFO: ====================================================================================================
2020-12-19 23:38:12,595 - D:/PyCharm 2019.3.2/risk/run.py[line:143] - INFO: Training:	  Loss: 0.000322
2020-12-19 23:38:12,595 - D:/PyCharm 2019.3.2/risk/run.py[line:144] - INFO: Evaluating:	 Loss: 0.000144
2020-12-19 23:38:12,595 - D:/PyCharm 2019.3.2/risk/run.py[line:145] - INFO: 
2020-12-19 23:38:12,595 - D:/PyCharm 2019.3.2/risk/run.py[line:112] - INFO: ====================================================================================================
2020-12-19 23:38:13,242 - D:/PyCharm 2019.3.2/risk/run.py[line:143] - INFO: Training:	  Loss: 0.000326
2020-12-19 23:38:13,242 - D:/PyCharm 2019.3.2/risk/run.py[line:144] - INFO: Evaluating:	 Loss: 0.000304
2020-12-19 23:38:13,242 - D:/PyCharm 2019.3.2/risk/run.py[line:145] - INFO: 
2020-12-19 23:38:13,243 - D:/PyCharm 2019.3.2/risk/run.py[line:112] - INFO: ====================================================================================================
2020-12-19 23:38:13,910 - D:/PyCharm 2019.3.2/risk/run.py[line:143] - INFO: Training:	  Loss: 0.000352
2020-12-19 23:38:13,911 - D:/PyCharm 2019.3.2/risk/run.py[line:144] - INFO: Evaluating:	 Loss: 0.000167
2020-12-19 23:38:13,912 - D:/PyCharm 2019.3.2/risk/run.py[line:145] - INFO: 
2020-12-19 23:38:13,912 - D:/PyCharm 2019.3.2/risk/run.py[line:112] - INFO: ====================================================================================================
2020-12-19 23:38:14,403 - D:/PyCharm 2019.3.2/risk/run.py[line:143] - INFO: Training:	  Loss: 0.000293
2020-12-19 23:38:14,403 - D:/PyCharm 2019.3.2/risk/run.py[line:144] - INFO: Evaluating:	 Loss: 0.000145
2020-12-19 23:38:14,404 - D:/PyCharm 2019.3.2/risk/run.py[line:145] - INFO: 
2020-12-19 23:38:14,404 - D:/PyCharm 2019.3.2/risk/run.py[line:112] - INFO: ====================================================================================================
2020-12-19 23:38:14,880 - D:/PyCharm 2019.3.2/risk/run.py[line:143] - INFO: Training:	  Loss: 0.000303
2020-12-19 23:38:14,881 - D:/PyCharm 2019.3.2/risk/run.py[line:144] - INFO: Evaluating:	 Loss: 0.000277
2020-12-19 23:38:14,881 - D:/PyCharm 2019.3.2/risk/run.py[line:145] - INFO: 
2020-12-19 23:38:14,881 - D:/PyCharm 2019.3.2/risk/run.py[line:112] - INFO: ====================================================================================================
2020-12-19 23:38:15,325 - D:/PyCharm 2019.3.2/risk/run.py[line:143] - INFO: Training:	  Loss: 0.000304
2020-12-19 23:38:15,326 - D:/PyCharm 2019.3.2/risk/run.py[line:144] - INFO: Evaluating:	 Loss: 0.000136
2020-12-19 23:38:15,327 - D:/PyCharm 2019.3.2/risk/run.py[line:145] - INFO: 
2020-12-19 23:38:15,327 - D:/PyCharm 2019.3.2/risk/run.py[line:112] - INFO: ====================================================================================================
2020-12-19 23:38:15,775 - D:/PyCharm 2019.3.2/risk/run.py[line:143] - INFO: Training:	  Loss: 0.000288
2020-12-19 23:38:15,776 - D:/PyCharm 2019.3.2/risk/run.py[line:144] - INFO: Evaluating:	 Loss: 0.000191
2020-12-19 23:38:15,776 - D:/PyCharm 2019.3.2/risk/run.py[line:145] - INFO: 
2020-12-19 23:38:15,776 - D:/PyCharm 2019.3.2/risk/run.py[line:112] - INFO: ====================================================================================================
2020-12-19 23:38:16,269 - D:/PyCharm 2019.3.2/risk/run.py[line:143] - INFO: Training:	  Loss: 0.000333
2020-12-19 23:38:16,269 - D:/PyCharm 2019.3.2/risk/run.py[line:144] - INFO: Evaluating:	 Loss: 0.000225
2020-12-19 23:38:16,269 - D:/PyCharm 2019.3.2/risk/run.py[line:145] - INFO: 
2020-12-19 23:38:16,269 - D:/PyCharm 2019.3.2/risk/run.py[line:112] - INFO: ====================================================================================================
2020-12-19 23:38:16,747 - D:/PyCharm 2019.3.2/risk/run.py[line:143] - INFO: Training:	  Loss: 0.000258
2020-12-19 23:38:16,747 - D:/PyCharm 2019.3.2/risk/run.py[line:144] - INFO: Evaluating:	 Loss: 0.000267
2020-12-19 23:38:16,748 - D:/PyCharm 2019.3.2/risk/run.py[line:145] - INFO: 
2020-12-19 23:38:16,748 - D:/PyCharm 2019.3.2/risk/run.py[line:112] - INFO: ====================================================================================================
2020-12-19 23:38:17,207 - D:/PyCharm 2019.3.2/risk/run.py[line:143] - INFO: Training:	  Loss: 0.000302
2020-12-19 23:38:17,208 - D:/PyCharm 2019.3.2/risk/run.py[line:144] - INFO: Evaluating:	 Loss: 0.000275
2020-12-19 23:38:17,208 - D:/PyCharm 2019.3.2/risk/run.py[line:145] - INFO: 
2020-12-19 23:38:17,208 - D:/PyCharm 2019.3.2/risk/run.py[line:112] - INFO: ====================================================================================================
2020-12-19 23:38:17,665 - D:/PyCharm 2019.3.2/risk/run.py[line:143] - INFO: Training:	  Loss: 0.000355
2020-12-19 23:38:17,665 - D:/PyCharm 2019.3.2/risk/run.py[line:144] - INFO: Evaluating:	 Loss: 0.000134
2020-12-19 23:38:17,665 - D:/PyCharm 2019.3.2/risk/run.py[line:145] - INFO: 
2020-12-19 23:38:17,665 - D:/PyCharm 2019.3.2/risk/run.py[line:112] - INFO: ====================================================================================================
2020-12-19 23:38:18,068 - D:/PyCharm 2019.3.2/risk/run.py[line:143] - INFO: Training:	  Loss: 0.000291
2020-12-19 23:38:18,068 - D:/PyCharm 2019.3.2/risk/run.py[line:144] - INFO: Evaluating:	 Loss: 0.000139
2020-12-19 23:38:18,068 - D:/PyCharm 2019.3.2/risk/run.py[line:145] - INFO: 
2020-12-19 23:38:18,068 - D:/PyCharm 2019.3.2/risk/run.py[line:112] - INFO: ====================================================================================================
2020-12-19 23:38:18,485 - D:/PyCharm 2019.3.2/risk/run.py[line:143] - INFO: Training:	  Loss: 0.000260
2020-12-19 23:38:18,485 - D:/PyCharm 2019.3.2/risk/run.py[line:144] - INFO: Evaluating:	 Loss: 0.000138
2020-12-19 23:38:18,485 - D:/PyCharm 2019.3.2/risk/run.py[line:145] - INFO: 
2020-12-19 23:38:18,485 - D:/PyCharm 2019.3.2/risk/run.py[line:112] - INFO: ====================================================================================================
2020-12-19 23:38:18,923 - D:/PyCharm 2019.3.2/risk/run.py[line:143] - INFO: Training:	  Loss: 0.000291
2020-12-19 23:38:18,923 - D:/PyCharm 2019.3.2/risk/run.py[line:144] - INFO: Evaluating:	 Loss: 0.000138
2020-12-19 23:38:18,924 - D:/PyCharm 2019.3.2/risk/run.py[line:145] - INFO: 
2020-12-19 23:38:18,924 - D:/PyCharm 2019.3.2/risk/run.py[line:112] - INFO: ====================================================================================================
2020-12-19 23:38:19,447 - D:/PyCharm 2019.3.2/risk/run.py[line:143] - INFO: Training:	  Loss: 0.000376
2020-12-19 23:38:19,447 - D:/PyCharm 2019.3.2/risk/run.py[line:144] - INFO: Evaluating:	 Loss: 0.000192
2020-12-19 23:38:19,447 - D:/PyCharm 2019.3.2/risk/run.py[line:145] - INFO: 
2020-12-19 23:38:19,447 - D:/PyCharm 2019.3.2/risk/run.py[line:112] - INFO: ====================================================================================================
2020-12-19 23:38:19,897 - D:/PyCharm 2019.3.2/risk/run.py[line:143] - INFO: Training:	  Loss: 0.000263
2020-12-19 23:38:19,898 - D:/PyCharm 2019.3.2/risk/run.py[line:144] - INFO: Evaluating:	 Loss: 0.000180
2020-12-19 23:38:19,898 - D:/PyCharm 2019.3.2/risk/run.py[line:145] - INFO: 
2020-12-19 23:38:19,898 - D:/PyCharm 2019.3.2/risk/run.py[line:112] - INFO: ====================================================================================================
2020-12-19 23:38:20,271 - D:/PyCharm 2019.3.2/risk/run.py[line:143] - INFO: Training:	  Loss: 0.000286
2020-12-19 23:38:20,271 - D:/PyCharm 2019.3.2/risk/run.py[line:144] - INFO: Evaluating:	 Loss: 0.000154
2020-12-19 23:38:20,271 - D:/PyCharm 2019.3.2/risk/run.py[line:145] - INFO: 
2020-12-19 23:38:20,271 - D:/PyCharm 2019.3.2/risk/run.py[line:112] - INFO: ====================================================================================================
2020-12-19 23:38:20,674 - D:/PyCharm 2019.3.2/risk/run.py[line:143] - INFO: Training:	  Loss: 0.000323
2020-12-19 23:38:20,674 - D:/PyCharm 2019.3.2/risk/run.py[line:144] - INFO: Evaluating:	 Loss: 0.000137
2020-12-19 23:38:20,674 - D:/PyCharm 2019.3.2/risk/run.py[line:145] - INFO: 
2020-12-19 23:38:20,674 - D:/PyCharm 2019.3.2/risk/run.py[line:112] - INFO: ====================================================================================================
2020-12-19 23:38:21,140 - D:/PyCharm 2019.3.2/risk/run.py[line:143] - INFO: Training:	  Loss: 0.000296
2020-12-19 23:38:21,141 - D:/PyCharm 2019.3.2/risk/run.py[line:144] - INFO: Evaluating:	 Loss: 0.000188
2020-12-19 23:38:21,141 - D:/PyCharm 2019.3.2/risk/run.py[line:145] - INFO: 
2020-12-19 23:38:21,141 - D:/PyCharm 2019.3.2/risk/run.py[line:112] - INFO: ====================================================================================================
2020-12-19 23:38:21,813 - D:/PyCharm 2019.3.2/risk/run.py[line:143] - INFO: Training:	  Loss: 0.000286
2020-12-19 23:38:21,813 - D:/PyCharm 2019.3.2/risk/run.py[line:144] - INFO: Evaluating:	 Loss: 0.000132
2020-12-19 23:38:21,813 - D:/PyCharm 2019.3.2/risk/run.py[line:145] - INFO: 
2020-12-19 23:38:21,814 - D:/PyCharm 2019.3.2/risk/run.py[line:112] - INFO: ====================================================================================================
2020-12-19 23:38:22,497 - D:/PyCharm 2019.3.2/risk/run.py[line:143] - INFO: Training:	  Loss: 0.000270
2020-12-19 23:38:22,497 - D:/PyCharm 2019.3.2/risk/run.py[line:144] - INFO: Evaluating:	 Loss: 0.000129
2020-12-19 23:38:22,497 - D:/PyCharm 2019.3.2/risk/run.py[line:145] - INFO: 
2020-12-19 23:38:22,497 - D:/PyCharm 2019.3.2/risk/run.py[line:112] - INFO: ====================================================================================================
2020-12-19 23:38:23,149 - D:/PyCharm 2019.3.2/risk/run.py[line:143] - INFO: Training:	  Loss: 0.000274
2020-12-19 23:38:23,149 - D:/PyCharm 2019.3.2/risk/run.py[line:144] - INFO: Evaluating:	 Loss: 0.000178
2020-12-19 23:38:23,149 - D:/PyCharm 2019.3.2/risk/run.py[line:145] - INFO: 
2020-12-19 23:38:23,149 - D:/PyCharm 2019.3.2/risk/run.py[line:112] - INFO: ====================================================================================================
2020-12-19 23:38:23,784 - D:/PyCharm 2019.3.2/risk/run.py[line:143] - INFO: Training:	  Loss: 0.000258
2020-12-19 23:38:23,784 - D:/PyCharm 2019.3.2/risk/run.py[line:144] - INFO: Evaluating:	 Loss: 0.000145
2020-12-19 23:38:23,784 - D:/PyCharm 2019.3.2/risk/run.py[line:145] - INFO: 
2020-12-19 23:38:23,784 - D:/PyCharm 2019.3.2/risk/run.py[line:112] - INFO: ====================================================================================================
2020-12-19 23:38:24,326 - D:/PyCharm 2019.3.2/risk/run.py[line:143] - INFO: Training:	  Loss: 0.000314
2020-12-19 23:38:24,327 - D:/PyCharm 2019.3.2/risk/run.py[line:144] - INFO: Evaluating:	 Loss: 0.000228
2020-12-19 23:38:24,327 - D:/PyCharm 2019.3.2/risk/run.py[line:145] - INFO: 
2020-12-19 23:38:24,327 - D:/PyCharm 2019.3.2/risk/run.py[line:112] - INFO: ====================================================================================================
2020-12-19 23:38:24,803 - D:/PyCharm 2019.3.2/risk/run.py[line:143] - INFO: Training:	  Loss: 0.000301
2020-12-19 23:38:24,803 - D:/PyCharm 2019.3.2/risk/run.py[line:144] - INFO: Evaluating:	 Loss: 0.000193
2020-12-19 23:38:24,803 - D:/PyCharm 2019.3.2/risk/run.py[line:145] - INFO: 
2020-12-19 23:38:24,803 - D:/PyCharm 2019.3.2/risk/run.py[line:112] - INFO: ====================================================================================================
2020-12-19 23:38:25,302 - D:/PyCharm 2019.3.2/risk/run.py[line:143] - INFO: Training:	  Loss: 0.000258
2020-12-19 23:38:25,303 - D:/PyCharm 2019.3.2/risk/run.py[line:144] - INFO: Evaluating:	 Loss: 0.000168
2020-12-19 23:38:25,303 - D:/PyCharm 2019.3.2/risk/run.py[line:145] - INFO: 
2020-12-19 23:38:25,303 - D:/PyCharm 2019.3.2/risk/run.py[line:112] - INFO: ====================================================================================================
2020-12-19 23:38:25,803 - D:/PyCharm 2019.3.2/risk/run.py[line:143] - INFO: Training:	  Loss: 0.000279
2020-12-19 23:38:25,804 - D:/PyCharm 2019.3.2/risk/run.py[line:144] - INFO: Evaluating:	 Loss: 0.000142
2020-12-19 23:38:25,804 - D:/PyCharm 2019.3.2/risk/run.py[line:145] - INFO: 
2020-12-19 23:38:25,804 - D:/PyCharm 2019.3.2/risk/run.py[line:112] - INFO: ====================================================================================================
2020-12-19 23:38:26,289 - D:/PyCharm 2019.3.2/risk/run.py[line:143] - INFO: Training:	  Loss: 0.000261
2020-12-19 23:38:26,290 - D:/PyCharm 2019.3.2/risk/run.py[line:144] - INFO: Evaluating:	 Loss: 0.000139
2020-12-19 23:38:26,290 - D:/PyCharm 2019.3.2/risk/run.py[line:145] - INFO: 
2020-12-19 23:38:26,290 - D:/PyCharm 2019.3.2/risk/run.py[line:112] - INFO: ====================================================================================================
2020-12-19 23:38:26,767 - D:/PyCharm 2019.3.2/risk/run.py[line:143] - INFO: Training:	  Loss: 0.000262
2020-12-19 23:38:26,767 - D:/PyCharm 2019.3.2/risk/run.py[line:144] - INFO: Evaluating:	 Loss: 0.000143
2020-12-19 23:38:26,767 - D:/PyCharm 2019.3.2/risk/run.py[line:145] - INFO: 
2020-12-19 23:38:26,767 - D:/PyCharm 2019.3.2/risk/run.py[line:112] - INFO: ====================================================================================================
2020-12-19 23:38:27,232 - D:/PyCharm 2019.3.2/risk/run.py[line:143] - INFO: Training:	  Loss: 0.000320
2020-12-19 23:38:27,232 - D:/PyCharm 2019.3.2/risk/run.py[line:144] - INFO: Evaluating:	 Loss: 0.000187
2020-12-19 23:38:27,232 - D:/PyCharm 2019.3.2/risk/run.py[line:145] - INFO: 
2020-12-19 23:38:27,232 - D:/PyCharm 2019.3.2/risk/run.py[line:112] - INFO: ====================================================================================================
2020-12-19 23:38:27,777 - D:/PyCharm 2019.3.2/risk/run.py[line:143] - INFO: Training:	  Loss: 0.000311
2020-12-19 23:38:27,777 - D:/PyCharm 2019.3.2/risk/run.py[line:144] - INFO: Evaluating:	 Loss: 0.000201
2020-12-19 23:38:27,777 - D:/PyCharm 2019.3.2/risk/run.py[line:145] - INFO: 
2020-12-19 23:38:27,777 - D:/PyCharm 2019.3.2/risk/run.py[line:112] - INFO: ====================================================================================================
2020-12-19 23:38:28,280 - D:/PyCharm 2019.3.2/risk/run.py[line:143] - INFO: Training:	  Loss: 0.000252
2020-12-19 23:38:28,280 - D:/PyCharm 2019.3.2/risk/run.py[line:144] - INFO: Evaluating:	 Loss: 0.000142
2020-12-19 23:38:28,281 - D:/PyCharm 2019.3.2/risk/run.py[line:145] - INFO: 
2020-12-19 23:38:28,281 - D:/PyCharm 2019.3.2/risk/run.py[line:112] - INFO: ====================================================================================================
2020-12-19 23:38:28,731 - D:/PyCharm 2019.3.2/risk/run.py[line:143] - INFO: Training:	  Loss: 0.000257
2020-12-19 23:38:28,859 - D:/PyCharm 2019.3.2/risk/run.py[line:144] - INFO: Evaluating:	 Loss: 0.000126
2020-12-19 23:38:28,859 - D:/PyCharm 2019.3.2/risk/run.py[line:145] - INFO: 
2020-12-19 23:38:28,859 - D:/PyCharm 2019.3.2/risk/run.py[line:112] - INFO: ====================================================================================================
2020-12-19 23:38:29,394 - D:/PyCharm 2019.3.2/risk/run.py[line:143] - INFO: Training:	  Loss: 0.000267
2020-12-19 23:38:29,394 - D:/PyCharm 2019.3.2/risk/run.py[line:144] - INFO: Evaluating:	 Loss: 0.000250
2020-12-19 23:38:29,394 - D:/PyCharm 2019.3.2/risk/run.py[line:145] - INFO: 
2020-12-19 23:38:29,394 - D:/PyCharm 2019.3.2/risk/run.py[line:112] - INFO: ====================================================================================================
2020-12-19 23:38:29,872 - D:/PyCharm 2019.3.2/risk/run.py[line:143] - INFO: Training:	  Loss: 0.000316
2020-12-19 23:38:29,872 - D:/PyCharm 2019.3.2/risk/run.py[line:144] - INFO: Evaluating:	 Loss: 0.000216
2020-12-19 23:38:29,875 - D:/PyCharm 2019.3.2/risk/run.py[line:145] - INFO: 
2020-12-19 23:38:29,875 - D:/PyCharm 2019.3.2/risk/run.py[line:112] - INFO: ====================================================================================================
2020-12-19 23:38:30,348 - D:/PyCharm 2019.3.2/risk/run.py[line:143] - INFO: Training:	  Loss: 0.000298
2020-12-19 23:38:30,348 - D:/PyCharm 2019.3.2/risk/run.py[line:144] - INFO: Evaluating:	 Loss: 0.000146
2020-12-19 23:38:30,348 - D:/PyCharm 2019.3.2/risk/run.py[line:145] - INFO: 
2020-12-19 23:38:30,348 - D:/PyCharm 2019.3.2/risk/run.py[line:112] - INFO: ====================================================================================================
2020-12-19 23:38:30,753 - D:/PyCharm 2019.3.2/risk/run.py[line:143] - INFO: Training:	  Loss: 0.000286
2020-12-19 23:38:30,753 - D:/PyCharm 2019.3.2/risk/run.py[line:144] - INFO: Evaluating:	 Loss: 0.000342
2020-12-19 23:38:30,753 - D:/PyCharm 2019.3.2/risk/run.py[line:145] - INFO: 
2020-12-19 23:38:30,753 - D:/PyCharm 2019.3.2/risk/run.py[line:112] - INFO: ====================================================================================================
2020-12-19 23:38:32,616 - D:/PyCharm 2019.3.2/risk/run.py[line:143] - INFO: Training:	  Loss: 0.000291
2020-12-19 23:38:32,616 - D:/PyCharm 2019.3.2/risk/run.py[line:144] - INFO: Evaluating:	 Loss: 0.000127
2020-12-19 23:38:32,617 - D:/PyCharm 2019.3.2/risk/run.py[line:145] - INFO: 
2020-12-19 23:38:32,617 - D:/PyCharm 2019.3.2/risk/run.py[line:112] - INFO: ====================================================================================================
2020-12-19 23:38:33,308 - D:/PyCharm 2019.3.2/risk/run.py[line:143] - INFO: Training:	  Loss: 0.000269
2020-12-19 23:38:33,308 - D:/PyCharm 2019.3.2/risk/run.py[line:144] - INFO: Evaluating:	 Loss: 0.000135
2020-12-19 23:38:33,308 - D:/PyCharm 2019.3.2/risk/run.py[line:145] - INFO: 
2020-12-19 23:38:33,308 - D:/PyCharm 2019.3.2/risk/run.py[line:112] - INFO: ====================================================================================================
2020-12-19 23:38:33,745 - D:/PyCharm 2019.3.2/risk/run.py[line:143] - INFO: Training:	  Loss: 0.000260
2020-12-19 23:38:33,745 - D:/PyCharm 2019.3.2/risk/run.py[line:144] - INFO: Evaluating:	 Loss: 0.000131
2020-12-19 23:38:33,745 - D:/PyCharm 2019.3.2/risk/run.py[line:145] - INFO: 
2020-12-19 23:38:33,745 - D:/PyCharm 2019.3.2/risk/run.py[line:112] - INFO: ====================================================================================================
2020-12-19 23:38:34,142 - D:/PyCharm 2019.3.2/risk/run.py[line:143] - INFO: Training:	  Loss: 0.000287
2020-12-19 23:38:34,142 - D:/PyCharm 2019.3.2/risk/run.py[line:144] - INFO: Evaluating:	 Loss: 0.000137
2020-12-19 23:38:34,142 - D:/PyCharm 2019.3.2/risk/run.py[line:145] - INFO: 
2020-12-19 23:38:34,142 - D:/PyCharm 2019.3.2/risk/run.py[line:112] - INFO: ====================================================================================================
2020-12-19 23:38:34,527 - D:/PyCharm 2019.3.2/risk/run.py[line:143] - INFO: Training:	  Loss: 0.000276
2020-12-19 23:38:34,527 - D:/PyCharm 2019.3.2/risk/run.py[line:144] - INFO: Evaluating:	 Loss: 0.000227
2020-12-19 23:38:34,528 - D:/PyCharm 2019.3.2/risk/run.py[line:145] - INFO: 
2020-12-19 23:38:34,528 - D:/PyCharm 2019.3.2/risk/run.py[line:112] - INFO: ====================================================================================================
2020-12-19 23:38:34,913 - D:/PyCharm 2019.3.2/risk/run.py[line:143] - INFO: Training:	  Loss: 0.000244
2020-12-19 23:38:34,913 - D:/PyCharm 2019.3.2/risk/run.py[line:144] - INFO: Evaluating:	 Loss: 0.000125
2020-12-19 23:38:34,914 - D:/PyCharm 2019.3.2/risk/run.py[line:145] - INFO: 
2020-12-19 23:38:34,914 - D:/PyCharm 2019.3.2/risk/run.py[line:112] - INFO: ====================================================================================================
2020-12-19 23:38:35,286 - D:/PyCharm 2019.3.2/risk/run.py[line:143] - INFO: Training:	  Loss: 0.000264
2020-12-19 23:38:35,286 - D:/PyCharm 2019.3.2/risk/run.py[line:144] - INFO: Evaluating:	 Loss: 0.000162
2020-12-19 23:38:35,286 - D:/PyCharm 2019.3.2/risk/run.py[line:145] - INFO: 
2020-12-19 23:38:35,286 - D:/PyCharm 2019.3.2/risk/run.py[line:112] - INFO: ====================================================================================================
2020-12-19 23:38:35,674 - D:/PyCharm 2019.3.2/risk/run.py[line:143] - INFO: Training:	  Loss: 0.000310
2020-12-19 23:38:35,674 - D:/PyCharm 2019.3.2/risk/run.py[line:144] - INFO: Evaluating:	 Loss: 0.000193
2020-12-19 23:38:35,674 - D:/PyCharm 2019.3.2/risk/run.py[line:145] - INFO: 
2020-12-19 23:38:35,674 - D:/PyCharm 2019.3.2/risk/run.py[line:112] - INFO: ====================================================================================================
2020-12-19 23:38:36,053 - D:/PyCharm 2019.3.2/risk/run.py[line:143] - INFO: Training:	  Loss: 0.000298
2020-12-19 23:38:36,053 - D:/PyCharm 2019.3.2/risk/run.py[line:144] - INFO: Evaluating:	 Loss: 0.000128
2020-12-19 23:38:36,053 - D:/PyCharm 2019.3.2/risk/run.py[line:145] - INFO: 
2020-12-19 23:38:36,053 - D:/PyCharm 2019.3.2/risk/run.py[line:112] - INFO: ====================================================================================================
2020-12-19 23:38:36,428 - D:/PyCharm 2019.3.2/risk/run.py[line:143] - INFO: Training:	  Loss: 0.000283
2020-12-19 23:38:36,429 - D:/PyCharm 2019.3.2/risk/run.py[line:144] - INFO: Evaluating:	 Loss: 0.000232
2020-12-19 23:38:36,429 - D:/PyCharm 2019.3.2/risk/run.py[line:145] - INFO: 
2020-12-19 23:38:36,429 - D:/PyCharm 2019.3.2/risk/run.py[line:112] - INFO: ====================================================================================================
2020-12-19 23:38:36,869 - D:/PyCharm 2019.3.2/risk/run.py[line:143] - INFO: Training:	  Loss: 0.000254
2020-12-19 23:38:36,869 - D:/PyCharm 2019.3.2/risk/run.py[line:144] - INFO: Evaluating:	 Loss: 0.000195
2020-12-19 23:38:36,869 - D:/PyCharm 2019.3.2/risk/run.py[line:145] - INFO: 
2020-12-19 23:38:36,869 - D:/PyCharm 2019.3.2/risk/run.py[line:112] - INFO: ====================================================================================================
2020-12-19 23:38:37,373 - D:/PyCharm 2019.3.2/risk/run.py[line:143] - INFO: Training:	  Loss: 0.000258
2020-12-19 23:38:37,374 - D:/PyCharm 2019.3.2/risk/run.py[line:144] - INFO: Evaluating:	 Loss: 0.000162
2020-12-19 23:38:37,374 - D:/PyCharm 2019.3.2/risk/run.py[line:145] - INFO: 
2020-12-19 23:38:37,374 - D:/PyCharm 2019.3.2/risk/run.py[line:112] - INFO: ====================================================================================================
2020-12-19 23:38:37,990 - D:/PyCharm 2019.3.2/risk/run.py[line:143] - INFO: Training:	  Loss: 0.000257
2020-12-19 23:38:37,990 - D:/PyCharm 2019.3.2/risk/run.py[line:144] - INFO: Evaluating:	 Loss: 0.000128
2020-12-19 23:38:37,990 - D:/PyCharm 2019.3.2/risk/run.py[line:145] - INFO: 
2020-12-19 23:38:37,991 - D:/PyCharm 2019.3.2/risk/run.py[line:112] - INFO: ====================================================================================================
2020-12-19 23:38:38,620 - D:/PyCharm 2019.3.2/risk/run.py[line:143] - INFO: Training:	  Loss: 0.000301
2020-12-19 23:38:38,621 - D:/PyCharm 2019.3.2/risk/run.py[line:144] - INFO: Evaluating:	 Loss: 0.000134
2020-12-19 23:38:38,622 - D:/PyCharm 2019.3.2/risk/run.py[line:145] - INFO: 
2020-12-19 23:38:38,622 - D:/PyCharm 2019.3.2/risk/run.py[line:112] - INFO: ====================================================================================================
2020-12-19 23:38:39,208 - D:/PyCharm 2019.3.2/risk/run.py[line:143] - INFO: Training:	  Loss: 0.000256
2020-12-19 23:38:39,208 - D:/PyCharm 2019.3.2/risk/run.py[line:144] - INFO: Evaluating:	 Loss: 0.000142
2020-12-19 23:38:39,208 - D:/PyCharm 2019.3.2/risk/run.py[line:145] - INFO: 
2020-12-19 23:38:39,209 - D:/PyCharm 2019.3.2/risk/run.py[line:112] - INFO: ====================================================================================================
2020-12-19 23:38:39,782 - D:/PyCharm 2019.3.2/risk/run.py[line:143] - INFO: Training:	  Loss: 0.000285
2020-12-19 23:38:39,782 - D:/PyCharm 2019.3.2/risk/run.py[line:144] - INFO: Evaluating:	 Loss: 0.000132
2020-12-19 23:38:39,782 - D:/PyCharm 2019.3.2/risk/run.py[line:145] - INFO: 
2020-12-19 23:38:39,783 - D:/PyCharm 2019.3.2/risk/run.py[line:112] - INFO: ====================================================================================================
2020-12-19 23:38:40,376 - D:/PyCharm 2019.3.2/risk/run.py[line:143] - INFO: Training:	  Loss: 0.000312
2020-12-19 23:38:40,377 - D:/PyCharm 2019.3.2/risk/run.py[line:144] - INFO: Evaluating:	 Loss: 0.000147
2020-12-19 23:38:40,377 - D:/PyCharm 2019.3.2/risk/run.py[line:145] - INFO: 
2020-12-19 23:38:40,377 - D:/PyCharm 2019.3.2/risk/run.py[line:112] - INFO: ====================================================================================================
2020-12-19 23:38:40,881 - D:/PyCharm 2019.3.2/risk/run.py[line:143] - INFO: Training:	  Loss: 0.000267
2020-12-19 23:38:40,881 - D:/PyCharm 2019.3.2/risk/run.py[line:144] - INFO: Evaluating:	 Loss: 0.000140
2020-12-19 23:38:40,881 - D:/PyCharm 2019.3.2/risk/run.py[line:145] - INFO: 
2020-12-19 23:38:40,881 - D:/PyCharm 2019.3.2/risk/run.py[line:112] - INFO: ====================================================================================================
2020-12-19 23:38:41,301 - D:/PyCharm 2019.3.2/risk/run.py[line:143] - INFO: Training:	  Loss: 0.000264
2020-12-19 23:38:41,301 - D:/PyCharm 2019.3.2/risk/run.py[line:144] - INFO: Evaluating:	 Loss: 0.000157
2020-12-19 23:38:41,301 - D:/PyCharm 2019.3.2/risk/run.py[line:145] - INFO: 
2020-12-19 23:38:41,301 - D:/PyCharm 2019.3.2/risk/run.py[line:112] - INFO: ====================================================================================================
2020-12-19 23:38:41,680 - D:/PyCharm 2019.3.2/risk/run.py[line:143] - INFO: Training:	  Loss: 0.000259
2020-12-19 23:38:41,680 - D:/PyCharm 2019.3.2/risk/run.py[line:144] - INFO: Evaluating:	 Loss: 0.000262
2020-12-19 23:38:41,680 - D:/PyCharm 2019.3.2/risk/run.py[line:145] - INFO: 
2020-12-19 23:38:41,681 - D:/PyCharm 2019.3.2/risk/run.py[line:112] - INFO: ====================================================================================================
2020-12-19 23:38:42,061 - D:/PyCharm 2019.3.2/risk/run.py[line:143] - INFO: Training:	  Loss: 0.000276
2020-12-19 23:38:42,325 - D:/PyCharm 2019.3.2/risk/run.py[line:144] - INFO: Evaluating:	 Loss: 0.000143
2020-12-19 23:38:42,326 - D:/PyCharm 2019.3.2/risk/run.py[line:145] - INFO: 
2020-12-19 23:38:42,326 - D:/PyCharm 2019.3.2/risk/run.py[line:112] - INFO: ====================================================================================================
2020-12-19 23:38:42,725 - D:/PyCharm 2019.3.2/risk/run.py[line:143] - INFO: Training:	  Loss: 0.000342
2020-12-19 23:38:42,726 - D:/PyCharm 2019.3.2/risk/run.py[line:144] - INFO: Evaluating:	 Loss: 0.000155
2020-12-19 23:38:42,726 - D:/PyCharm 2019.3.2/risk/run.py[line:145] - INFO: 
2020-12-19 23:38:42,726 - D:/PyCharm 2019.3.2/risk/run.py[line:112] - INFO: ====================================================================================================
2020-12-19 23:38:43,099 - D:/PyCharm 2019.3.2/risk/run.py[line:143] - INFO: Training:	  Loss: 0.000276
2020-12-19 23:38:43,100 - D:/PyCharm 2019.3.2/risk/run.py[line:144] - INFO: Evaluating:	 Loss: 0.000177
2020-12-19 23:38:43,100 - D:/PyCharm 2019.3.2/risk/run.py[line:145] - INFO: 
2020-12-19 23:38:43,100 - D:/PyCharm 2019.3.2/risk/run.py[line:112] - INFO: ====================================================================================================
2020-12-19 23:38:43,474 - D:/PyCharm 2019.3.2/risk/run.py[line:143] - INFO: Training:	  Loss: 0.000272
2020-12-19 23:38:43,474 - D:/PyCharm 2019.3.2/risk/run.py[line:144] - INFO: Evaluating:	 Loss: 0.000179
2020-12-19 23:38:43,475 - D:/PyCharm 2019.3.2/risk/run.py[line:145] - INFO: 
2020-12-19 23:38:43,475 - D:/PyCharm 2019.3.2/risk/run.py[line:112] - INFO: ====================================================================================================
2020-12-19 23:38:43,986 - D:/PyCharm 2019.3.2/risk/run.py[line:143] - INFO: Training:	  Loss: 0.000305
2020-12-19 23:38:43,986 - D:/PyCharm 2019.3.2/risk/run.py[line:144] - INFO: Evaluating:	 Loss: 0.000142
2020-12-19 23:38:43,986 - D:/PyCharm 2019.3.2/risk/run.py[line:145] - INFO: 
2020-12-19 23:38:43,987 - D:/PyCharm 2019.3.2/risk/run.py[line:112] - INFO: ====================================================================================================
2020-12-19 23:38:44,607 - D:/PyCharm 2019.3.2/risk/run.py[line:143] - INFO: Training:	  Loss: 0.000265
2020-12-19 23:38:44,607 - D:/PyCharm 2019.3.2/risk/run.py[line:144] - INFO: Evaluating:	 Loss: 0.000132
2020-12-19 23:38:44,607 - D:/PyCharm 2019.3.2/risk/run.py[line:145] - INFO: 
2020-12-19 23:38:44,607 - D:/PyCharm 2019.3.2/risk/run.py[line:112] - INFO: ====================================================================================================
2020-12-19 23:38:45,260 - D:/PyCharm 2019.3.2/risk/run.py[line:143] - INFO: Training:	  Loss: 0.000272
2020-12-19 23:38:45,261 - D:/PyCharm 2019.3.2/risk/run.py[line:144] - INFO: Evaluating:	 Loss: 0.000131
2020-12-19 23:38:45,261 - D:/PyCharm 2019.3.2/risk/run.py[line:145] - INFO: 
2020-12-19 23:38:45,261 - D:/PyCharm 2019.3.2/risk/run.py[line:112] - INFO: ====================================================================================================
2020-12-19 23:38:45,878 - D:/PyCharm 2019.3.2/risk/run.py[line:143] - INFO: Training:	  Loss: 0.000284
2020-12-19 23:38:45,878 - D:/PyCharm 2019.3.2/risk/run.py[line:144] - INFO: Evaluating:	 Loss: 0.000133
2020-12-19 23:38:45,878 - D:/PyCharm 2019.3.2/risk/run.py[line:145] - INFO: 
2020-12-19 23:38:45,878 - D:/PyCharm 2019.3.2/risk/run.py[line:112] - INFO: ====================================================================================================
2020-12-19 23:38:46,676 - D:/PyCharm 2019.3.2/risk/run.py[line:143] - INFO: Training:	  Loss: 0.000289
2020-12-19 23:38:46,677 - D:/PyCharm 2019.3.2/risk/run.py[line:144] - INFO: Evaluating:	 Loss: 0.000292
2020-12-19 23:38:46,677 - D:/PyCharm 2019.3.2/risk/run.py[line:145] - INFO: 
2020-12-19 23:38:46,677 - D:/PyCharm 2019.3.2/risk/run.py[line:112] - INFO: ====================================================================================================
2020-12-19 23:38:47,514 - D:/PyCharm 2019.3.2/risk/run.py[line:143] - INFO: Training:	  Loss: 0.000268
2020-12-19 23:38:47,514 - D:/PyCharm 2019.3.2/risk/run.py[line:144] - INFO: Evaluating:	 Loss: 0.000181
2020-12-19 23:38:47,514 - D:/PyCharm 2019.3.2/risk/run.py[line:145] - INFO: 
2020-12-19 23:38:47,515 - D:/PyCharm 2019.3.2/risk/run.py[line:112] - INFO: ====================================================================================================
2020-12-19 23:38:48,337 - D:/PyCharm 2019.3.2/risk/run.py[line:143] - INFO: Training:	  Loss: 0.000262
2020-12-19 23:38:48,337 - D:/PyCharm 2019.3.2/risk/run.py[line:144] - INFO: Evaluating:	 Loss: 0.000244
2020-12-19 23:38:48,337 - D:/PyCharm 2019.3.2/risk/run.py[line:145] - INFO: 
2020-12-19 23:38:48,337 - D:/PyCharm 2019.3.2/risk/run.py[line:112] - INFO: ====================================================================================================
2020-12-19 23:38:48,931 - D:/PyCharm 2019.3.2/risk/run.py[line:143] - INFO: Training:	  Loss: 0.000298
2020-12-19 23:38:48,931 - D:/PyCharm 2019.3.2/risk/run.py[line:144] - INFO: Evaluating:	 Loss: 0.000276
2020-12-19 23:38:48,931 - D:/PyCharm 2019.3.2/risk/run.py[line:145] - INFO: 
2020-12-19 23:38:48,931 - D:/PyCharm 2019.3.2/risk/run.py[line:112] - INFO: ====================================================================================================
2020-12-19 23:38:49,475 - D:/PyCharm 2019.3.2/risk/run.py[line:143] - INFO: Training:	  Loss: 0.000331
2020-12-19 23:38:49,475 - D:/PyCharm 2019.3.2/risk/run.py[line:144] - INFO: Evaluating:	 Loss: 0.000142
2020-12-19 23:38:49,475 - D:/PyCharm 2019.3.2/risk/run.py[line:145] - INFO: 
2020-12-19 23:38:49,475 - D:/PyCharm 2019.3.2/risk/run.py[line:112] - INFO: ====================================================================================================
2020-12-19 23:38:51,160 - D:/PyCharm 2019.3.2/risk/run.py[line:143] - INFO: Training:	  Loss: 0.000293
2020-12-19 23:38:51,160 - D:/PyCharm 2019.3.2/risk/run.py[line:144] - INFO: Evaluating:	 Loss: 0.000153
2020-12-19 23:38:51,160 - D:/PyCharm 2019.3.2/risk/run.py[line:145] - INFO: 
2020-12-19 23:38:51,160 - D:/PyCharm 2019.3.2/risk/run.py[line:112] - INFO: ====================================================================================================
2020-12-19 23:38:51,747 - D:/PyCharm 2019.3.2/risk/run.py[line:143] - INFO: Training:	  Loss: 0.000289
2020-12-19 23:38:51,748 - D:/PyCharm 2019.3.2/risk/run.py[line:144] - INFO: Evaluating:	 Loss: 0.000145
2020-12-19 23:38:51,748 - D:/PyCharm 2019.3.2/risk/run.py[line:145] - INFO: 
2020-12-19 23:38:51,749 - D:/PyCharm 2019.3.2/risk/run.py[line:112] - INFO: ====================================================================================================
2020-12-19 23:38:52,293 - D:/PyCharm 2019.3.2/risk/run.py[line:143] - INFO: Training:	  Loss: 0.000260
2020-12-19 23:38:52,294 - D:/PyCharm 2019.3.2/risk/run.py[line:144] - INFO: Evaluating:	 Loss: 0.000178
2020-12-19 23:38:52,294 - D:/PyCharm 2019.3.2/risk/run.py[line:145] - INFO: 
2020-12-19 23:38:52,294 - D:/PyCharm 2019.3.2/risk/run.py[line:112] - INFO: ====================================================================================================
2020-12-19 23:38:52,813 - D:/PyCharm 2019.3.2/risk/run.py[line:143] - INFO: Training:	  Loss: 0.000310
2020-12-19 23:38:52,813 - D:/PyCharm 2019.3.2/risk/run.py[line:144] - INFO: Evaluating:	 Loss: 0.000153
2020-12-19 23:38:52,813 - D:/PyCharm 2019.3.2/risk/run.py[line:145] - INFO: 
2020-12-19 23:38:52,813 - D:/PyCharm 2019.3.2/risk/run.py[line:112] - INFO: ====================================================================================================
2020-12-19 23:38:53,523 - D:/PyCharm 2019.3.2/risk/run.py[line:143] - INFO: Training:	  Loss: 0.000282
2020-12-19 23:38:53,523 - D:/PyCharm 2019.3.2/risk/run.py[line:144] - INFO: Evaluating:	 Loss: 0.000171
2020-12-19 23:38:53,523 - D:/PyCharm 2019.3.2/risk/run.py[line:145] - INFO: 
2020-12-19 23:38:53,754 - D:/PyCharm 2019.3.2/risk/run.py[line:174] - INFO: seq_len=  5|  after info: Loss: 3885.199
